[     261ms] [ERROR] Error: Minified React error #418; visit https://reactjs.org/docs/error-decoder.html?invariant=418 for the full message or use the non-minified dev environment for full errors and additional helpful warnings.
    at gu (http://localhost:8082/assets/index-VH9TOfLF.js:6:4907)
    at sa (http://localhost:8082/assets/index-VH9TOfLF.js:8:45647)
    at la (http://localhost:8082/assets/index-VH9TOfLF.js:8:39783)
    at rc (http://localhost:8082/assets/index-VH9TOfLF.js:8:39756)
    at ea (http://localhost:8082/assets/index-VH9TOfLF.js:8:34775)
    at on (http://localhost:8082/assets/index-VH9TOfLF.js:1:1753)
    at MessagePort.Mn (http://localhost:8082/assets/index-VH9TOfLF.js:1:2146) @ http://localhost:8082/assets/chunk-EPOLDU6W-PsE1YSAx.js:21
[     279ms] Error: Minified React error #418; visit https://reactjs.org/docs/error-decoder.html?invariant=418 for the full message or use the non-minified dev environment for full errors and additional helpful warnings.
    at gu (http://localhost:8082/assets/index-VH9TOfLF.js:6:4907)
    at sa (http://localhost:8082/assets/index-VH9TOfLF.js:8:45647)
    at la (http://localhost:8082/assets/index-VH9TOfLF.js:8:39783)
    at rc (http://localhost:8082/assets/index-VH9TOfLF.js:8:39756)
    at ea (http://localhost:8082/assets/index-VH9TOfLF.js:8:34775)
    at on (http://localhost:8082/assets/index-VH9TOfLF.js:1:1753)
    at MessagePort.Mn (http://localhost:8082/assets/index-VH9TOfLF.js:1:2146)
[     279ms] Error: Minified React error #418; visit https://reactjs.org/docs/error-decoder.html?invariant=418 for the full message or use the non-minified dev environment for full errors and additional helpful warnings.
    at gu (http://localhost:8082/assets/index-VH9TOfLF.js:6:4907)
    at sa (http://localhost:8082/assets/index-VH9TOfLF.js:8:45647)
    at la (http://localhost:8082/assets/index-VH9TOfLF.js:8:39783)
    at rc (http://localhost:8082/assets/index-VH9TOfLF.js:8:39756)
    at ea (http://localhost:8082/assets/index-VH9TOfLF.js:8:34775)
    at on (http://localhost:8082/assets/index-VH9TOfLF.js:1:1753)
    at MessagePort.Mn (http://localhost:8082/assets/index-VH9TOfLF.js:1:2146)
[     280ms] Error: Minified React error #418; visit https://reactjs.org/docs/error-decoder.html?invariant=418 for the full message or use the non-minified dev environment for full errors and additional helpful warnings.
    at gu (http://localhost:8082/assets/index-VH9TOfLF.js:6:4907)
    at sa (http://localhost:8082/assets/index-VH9TOfLF.js:8:45647)
    at la (http://localhost:8082/assets/index-VH9TOfLF.js:8:39783)
    at rc (http://localhost:8082/assets/index-VH9TOfLF.js:8:39756)
    at ea (http://localhost:8082/assets/index-VH9TOfLF.js:8:34775)
    at on (http://localhost:8082/assets/index-VH9TOfLF.js:1:1753)
    at MessagePort.Mn (http://localhost:8082/assets/index-VH9TOfLF.js:1:2146)
[     280ms] Error: Minified React error #418; visit https://reactjs.org/docs/error-decoder.html?invariant=418 for the full message or use the non-minified dev environment for full errors and additional helpful warnings.
    at gu (http://localhost:8082/assets/index-VH9TOfLF.js:6:4907)
    at sa (http://localhost:8082/assets/index-VH9TOfLF.js:8:45647)
    at la (http://localhost:8082/assets/index-VH9TOfLF.js:8:39783)
    at rc (http://localhost:8082/assets/index-VH9TOfLF.js:8:39756)
    at ea (http://localhost:8082/assets/index-VH9TOfLF.js:8:34775)
    at on (http://localhost:8082/assets/index-VH9TOfLF.js:1:1753)
    at MessagePort.Mn (http://localhost:8082/assets/index-VH9TOfLF.js:1:2146)
[     280ms] Error: Minified React error #418; visit https://reactjs.org/docs/error-decoder.html?invariant=418 for the full message or use the non-minified dev environment for full errors and additional helpful warnings.
    at gu (http://localhost:8082/assets/index-VH9TOfLF.js:6:4907)
    at sa (http://localhost:8082/assets/index-VH9TOfLF.js:8:45647)
    at la (http://localhost:8082/assets/index-VH9TOfLF.js:8:39783)
    at rc (http://localhost:8082/assets/index-VH9TOfLF.js:8:39756)
    at ea (http://localhost:8082/assets/index-VH9TOfLF.js:8:34775)
    at on (http://localhost:8082/assets/index-VH9TOfLF.js:1:1753)
    at MessagePort.Mn (http://localhost:8082/assets/index-VH9TOfLF.js:1:2146)
[     281ms] Error: Minified React error #418; visit https://reactjs.org/docs/error-decoder.html?invariant=418 for the full message or use the non-minified dev environment for full errors and additional helpful warnings.
    at gu (http://localhost:8082/assets/index-VH9TOfLF.js:6:4907)
    at sa (http://localhost:8082/assets/index-VH9TOfLF.js:8:45647)
    at la (http://localhost:8082/assets/index-VH9TOfLF.js:8:39783)
    at rc (http://localhost:8082/assets/index-VH9TOfLF.js:8:39756)
    at ea (http://localhost:8082/assets/index-VH9TOfLF.js:8:34775)
    at on (http://localhost:8082/assets/index-VH9TOfLF.js:1:1753)
    at MessagePort.Mn (http://localhost:8082/assets/index-VH9TOfLF.js:1:2146)
[     282ms] Error: Minified React error #418; visit https://reactjs.org/docs/error-decoder.html?invariant=418 for the full message or use the non-minified dev environment for full errors and additional helpful warnings.
    at gu (http://localhost:8082/assets/index-VH9TOfLF.js:6:4907)
    at sa (http://localhost:8082/assets/index-VH9TOfLF.js:8:45647)
    at la (http://localhost:8082/assets/index-VH9TOfLF.js:8:39783)
    at rc (http://localhost:8082/assets/index-VH9TOfLF.js:8:39756)
    at ea (http://localhost:8082/assets/index-VH9TOfLF.js:8:34775)
    at on (http://localhost:8082/assets/index-VH9TOfLF.js:1:1753)
    at MessagePort.Mn (http://localhost:8082/assets/index-VH9TOfLF.js:1:2146)
[     284ms] Error: Minified React error #418; visit https://reactjs.org/docs/error-decoder.html?invariant=418 for the full message or use the non-minified dev environment for full errors and additional helpful warnings.
    at gu (http://localhost:8082/assets/index-VH9TOfLF.js:6:4907)
    at sa (http://localhost:8082/assets/index-VH9TOfLF.js:8:45647)
    at la (http://localhost:8082/assets/index-VH9TOfLF.js:8:39783)
    at rc (http://localhost:8082/assets/index-VH9TOfLF.js:8:39756)
    at ea (http://localhost:8082/assets/index-VH9TOfLF.js:8:34775)
    at on (http://localhost:8082/assets/index-VH9TOfLF.js:1:1753)
    at MessagePort.Mn (http://localhost:8082/assets/index-VH9TOfLF.js:1:2146)
[     284ms] Error: Minified React error #418; visit https://reactjs.org/docs/error-decoder.html?invariant=418 for the full message or use the non-minified dev environment for full errors and additional helpful warnings.
    at gu (http://localhost:8082/assets/index-VH9TOfLF.js:6:4907)
    at sa (http://localhost:8082/assets/index-VH9TOfLF.js:8:45647)
    at la (http://localhost:8082/assets/index-VH9TOfLF.js:8:39783)
    at rc (http://localhost:8082/assets/index-VH9TOfLF.js:8:39756)
    at ea (http://localhost:8082/assets/index-VH9TOfLF.js:8:34775)
    at on (http://localhost:8082/assets/index-VH9TOfLF.js:1:1753)
    at MessagePort.Mn (http://localhost:8082/assets/index-VH9TOfLF.js:1:2146)
[     285ms] Error: Minified React error #418; visit https://reactjs.org/docs/error-decoder.html?invariant=418 for the full message or use the non-minified dev environment for full errors and additional helpful warnings.
    at gu (http://localhost:8082/assets/index-VH9TOfLF.js:6:4907)
    at sa (http://localhost:8082/assets/index-VH9TOfLF.js:8:45647)
    at la (http://localhost:8082/assets/index-VH9TOfLF.js:8:39783)
    at rc (http://localhost:8082/assets/index-VH9TOfLF.js:8:39756)
    at ea (http://localhost:8082/assets/index-VH9TOfLF.js:8:34775)
    at on (http://localhost:8082/assets/index-VH9TOfLF.js:1:1753)
    at MessagePort.Mn (http://localhost:8082/assets/index-VH9TOfLF.js:1:2146)
[     286ms] Error: Minified React error #418; visit https://reactjs.org/docs/error-decoder.html?invariant=418 for the full message or use the non-minified dev environment for full errors and additional helpful warnings.
    at gu (http://localhost:8082/assets/index-VH9TOfLF.js:6:4907)
    at sa (http://localhost:8082/assets/index-VH9TOfLF.js:8:45647)
    at la (http://localhost:8082/assets/index-VH9TOfLF.js:8:39783)
    at rc (http://localhost:8082/assets/index-VH9TOfLF.js:8:39756)
    at ea (http://localhost:8082/assets/index-VH9TOfLF.js:8:34775)
    at on (http://localhost:8082/assets/index-VH9TOfLF.js:1:1753)
    at MessagePort.Mn (http://localhost:8082/assets/index-VH9TOfLF.js:1:2146)
[     289ms] Error: Minified React error #418; visit https://reactjs.org/docs/error-decoder.html?invariant=418 for the full message or use the non-minified dev environment for full errors and additional helpful warnings.
    at gu (http://localhost:8082/assets/index-VH9TOfLF.js:6:4907)
    at sa (http://localhost:8082/assets/index-VH9TOfLF.js:8:45647)
    at la (http://localhost:8082/assets/index-VH9TOfLF.js:8:39783)
    at rc (http://localhost:8082/assets/index-VH9TOfLF.js:8:39756)
    at ea (http://localhost:8082/assets/index-VH9TOfLF.js:8:34775)
    at on (http://localhost:8082/assets/index-VH9TOfLF.js:1:1753)
    at MessagePort.Mn (http://localhost:8082/assets/index-VH9TOfLF.js:1:2146)
[     290ms] Error: Minified React error #418; visit https://reactjs.org/docs/error-decoder.html?invariant=418 for the full message or use the non-minified dev environment for full errors and additional helpful warnings.
    at gu (http://localhost:8082/assets/index-VH9TOfLF.js:6:4907)
    at sa (http://localhost:8082/assets/index-VH9TOfLF.js:8:45647)
    at la (http://localhost:8082/assets/index-VH9TOfLF.js:8:39783)
    at rc (http://localhost:8082/assets/index-VH9TOfLF.js:8:39756)
    at ea (http://localhost:8082/assets/index-VH9TOfLF.js:8:34775)
    at on (http://localhost:8082/assets/index-VH9TOfLF.js:1:1753)
    at MessagePort.Mn (http://localhost:8082/assets/index-VH9TOfLF.js:1:2146)
[     291ms] Error: Minified React error #418; visit https://reactjs.org/docs/error-decoder.html?invariant=418 for the full message or use the non-minified dev environment for full errors and additional helpful warnings.
    at gu (http://localhost:8082/assets/index-VH9TOfLF.js:6:4907)
    at sa (http://localhost:8082/assets/index-VH9TOfLF.js:8:45647)
    at la (http://localhost:8082/assets/index-VH9TOfLF.js:8:39783)
    at rc (http://localhost:8082/assets/index-VH9TOfLF.js:8:39756)
    at ea (http://localhost:8082/assets/index-VH9TOfLF.js:8:34775)
    at on (http://localhost:8082/assets/index-VH9TOfLF.js:1:1753)
    at MessagePort.Mn (http://localhost:8082/assets/index-VH9TOfLF.js:1:2146)
[     291ms] Error: Minified React error #418; visit https://reactjs.org/docs/error-decoder.html?invariant=418 for the full message or use the non-minified dev environment for full errors and additional helpful warnings.
    at gu (http://localhost:8082/assets/index-VH9TOfLF.js:6:4907)
    at sa (http://localhost:8082/assets/index-VH9TOfLF.js:8:45647)
    at la (http://localhost:8082/assets/index-VH9TOfLF.js:8:39783)
    at rc (http://localhost:8082/assets/index-VH9TOfLF.js:8:39756)
    at ea (http://localhost:8082/assets/index-VH9TOfLF.js:8:34775)
    at on (http://localhost:8082/assets/index-VH9TOfLF.js:1:1753)
    at MessagePort.Mn (http://localhost:8082/assets/index-VH9TOfLF.js:1:2146)
[     292ms] Error: Minified React error #418; visit https://reactjs.org/docs/error-decoder.html?invariant=418 for the full message or use the non-minified dev environment for full errors and additional helpful warnings.
    at gu (http://localhost:8082/assets/index-VH9TOfLF.js:6:4907)
    at sa (http://localhost:8082/assets/index-VH9TOfLF.js:8:45647)
    at la (http://localhost:8082/assets/index-VH9TOfLF.js:8:39783)
    at rc (http://localhost:8082/assets/index-VH9TOfLF.js:8:39756)
    at ea (http://localhost:8082/assets/index-VH9TOfLF.js:8:34775)
    at on (http://localhost:8082/assets/index-VH9TOfLF.js:1:1753)
    at MessagePort.Mn (http://localhost:8082/assets/index-VH9TOfLF.js:1:2146)
[     293ms] Error: Minified React error #418; visit https://reactjs.org/docs/error-decoder.html?invariant=418 for the full message or use the non-minified dev environment for full errors and additional helpful warnings.
    at gu (http://localhost:8082/assets/index-VH9TOfLF.js:6:4907)
    at sa (http://localhost:8082/assets/index-VH9TOfLF.js:8:45647)
    at la (http://localhost:8082/assets/index-VH9TOfLF.js:8:39783)
    at rc (http://localhost:8082/assets/index-VH9TOfLF.js:8:39756)
    at ea (http://localhost:8082/assets/index-VH9TOfLF.js:8:34775)
    at on (http://localhost:8082/assets/index-VH9TOfLF.js:1:1753)
    at MessagePort.Mn (http://localhost:8082/assets/index-VH9TOfLF.js:1:2146)
[     293ms] Error: Minified React error #418; visit https://reactjs.org/docs/error-decoder.html?invariant=418 for the full message or use the non-minified dev environment for full errors and additional helpful warnings.
    at gu (http://localhost:8082/assets/index-VH9TOfLF.js:6:4907)
    at sa (http://localhost:8082/assets/index-VH9TOfLF.js:8:45647)
    at la (http://localhost:8082/assets/index-VH9TOfLF.js:8:39783)
    at rc (http://localhost:8082/assets/index-VH9TOfLF.js:8:39756)
    at ea (http://localhost:8082/assets/index-VH9TOfLF.js:8:34775)
    at on (http://localhost:8082/assets/index-VH9TOfLF.js:1:1753)
    at MessagePort.Mn (http://localhost:8082/assets/index-VH9TOfLF.js:1:2146)
[     293ms] Error: Minified React error #418; visit https://reactjs.org/docs/error-decoder.html?invariant=418 for the full message or use the non-minified dev environment for full errors and additional helpful warnings.
    at gu (http://localhost:8082/assets/index-VH9TOfLF.js:6:4907)
    at sa (http://localhost:8082/assets/index-VH9TOfLF.js:8:45647)
    at la (http://localhost:8082/assets/index-VH9TOfLF.js:8:39783)
    at rc (http://localhost:8082/assets/index-VH9TOfLF.js:8:39756)
    at ea (http://localhost:8082/assets/index-VH9TOfLF.js:8:34775)
    at on (http://localhost:8082/assets/index-VH9TOfLF.js:1:1753)
    at MessagePort.Mn (http://localhost:8082/assets/index-VH9TOfLF.js:1:2146)
[     294ms] Error: Minified React error #418; visit https://reactjs.org/docs/error-decoder.html?invariant=418 for the full message or use the non-minified dev environment for full errors and additional helpful warnings.
    at gu (http://localhost:8082/assets/index-VH9TOfLF.js:6:4907)
    at sa (http://localhost:8082/assets/index-VH9TOfLF.js:8:45647)
    at la (http://localhost:8082/assets/index-VH9TOfLF.js:8:39783)
    at rc (http://localhost:8082/assets/index-VH9TOfLF.js:8:39756)
    at ea (http://localhost:8082/assets/index-VH9TOfLF.js:8:34775)
    at on (http://localhost:8082/assets/index-VH9TOfLF.js:1:1753)
    at MessagePort.Mn (http://localhost:8082/assets/index-VH9TOfLF.js:1:2146)
[     294ms] Error: Minified React error #418; visit https://reactjs.org/docs/error-decoder.html?invariant=418 for the full message or use the non-minified dev environment for full errors and additional helpful warnings.
    at gu (http://localhost:8082/assets/index-VH9TOfLF.js:6:4907)
    at sa (http://localhost:8082/assets/index-VH9TOfLF.js:8:45647)
    at la (http://localhost:8082/assets/index-VH9TOfLF.js:8:39783)
    at rc (http://localhost:8082/assets/index-VH9TOfLF.js:8:39756)
    at ea (http://localhost:8082/assets/index-VH9TOfLF.js:8:34775)
    at on (http://localhost:8082/assets/index-VH9TOfLF.js:1:1753)
    at MessagePort.Mn (http://localhost:8082/assets/index-VH9TOfLF.js:1:2146)
[     294ms] Error: Minified React error #418; visit https://reactjs.org/docs/error-decoder.html?invariant=418 for the full message or use the non-minified dev environment for full errors and additional helpful warnings.
    at gu (http://localhost:8082/assets/index-VH9TOfLF.js:6:4907)
    at sa (http://localhost:8082/assets/index-VH9TOfLF.js:8:45647)
    at la (http://localhost:8082/assets/index-VH9TOfLF.js:8:39783)
    at rc (http://localhost:8082/assets/index-VH9TOfLF.js:8:39756)
    at ea (http://localhost:8082/assets/index-VH9TOfLF.js:8:34775)
    at on (http://localhost:8082/assets/index-VH9TOfLF.js:1:1753)
    at MessagePort.Mn (http://localhost:8082/assets/index-VH9TOfLF.js:1:2146)
[     295ms] Error: Minified React error #418; visit https://reactjs.org/docs/error-decoder.html?invariant=418 for the full message or use the non-minified dev environment for full errors and additional helpful warnings.
    at gu (http://localhost:8082/assets/index-VH9TOfLF.js:6:4907)
    at sa (http://localhost:8082/assets/index-VH9TOfLF.js:8:45647)
    at la (http://localhost:8082/assets/index-VH9TOfLF.js:8:39783)
    at rc (http://localhost:8082/assets/index-VH9TOfLF.js:8:39756)
    at ea (http://localhost:8082/assets/index-VH9TOfLF.js:8:34775)
    at on (http://localhost:8082/assets/index-VH9TOfLF.js:1:1753)
    at MessagePort.Mn (http://localhost:8082/assets/index-VH9TOfLF.js:1:2146)
[     295ms] Error: Minified React error #418; visit https://reactjs.org/docs/error-decoder.html?invariant=418 for the full message or use the non-minified dev environment for full errors and additional helpful warnings.
    at gu (http://localhost:8082/assets/index-VH9TOfLF.js:6:4907)
    at sa (http://localhost:8082/assets/index-VH9TOfLF.js:8:45647)
    at la (http://localhost:8082/assets/index-VH9TOfLF.js:8:39783)
    at rc (http://localhost:8082/assets/index-VH9TOfLF.js:8:39756)
    at ea (http://localhost:8082/assets/index-VH9TOfLF.js:8:34775)
    at on (http://localhost:8082/assets/index-VH9TOfLF.js:1:1753)
    at MessagePort.Mn (http://localhost:8082/assets/index-VH9TOfLF.js:1:2146)
[     296ms] Error: Minified React error #418; visit https://reactjs.org/docs/error-decoder.html?invariant=418 for the full message or use the non-minified dev environment for full errors and additional helpful warnings.
    at gu (http://localhost:8082/assets/index-VH9TOfLF.js:6:4907)
    at sa (http://localhost:8082/assets/index-VH9TOfLF.js:8:45647)
    at la (http://localhost:8082/assets/index-VH9TOfLF.js:8:39783)
    at rc (http://localhost:8082/assets/index-VH9TOfLF.js:8:39756)
    at ea (http://localhost:8082/assets/index-VH9TOfLF.js:8:34775)
    at on (http://localhost:8082/assets/index-VH9TOfLF.js:1:1753)
    at MessagePort.Mn (http://localhost:8082/assets/index-VH9TOfLF.js:1:2146)
[     296ms] Error: Minified React error #418; visit https://reactjs.org/docs/error-decoder.html?invariant=418 for the full message or use the non-minified dev environment for full errors and additional helpful warnings.
    at gu (http://localhost:8082/assets/index-VH9TOfLF.js:6:4907)
    at sa (http://localhost:8082/assets/index-VH9TOfLF.js:8:45647)
    at la (http://localhost:8082/assets/index-VH9TOfLF.js:8:39783)
    at rc (http://localhost:8082/assets/index-VH9TOfLF.js:8:39756)
    at ea (http://localhost:8082/assets/index-VH9TOfLF.js:8:34775)
    at on (http://localhost:8082/assets/index-VH9TOfLF.js:1:1753)
    at MessagePort.Mn (http://localhost:8082/assets/index-VH9TOfLF.js:1:2146)
[     296ms] Error: Minified React error #418; visit https://reactjs.org/docs/error-decoder.html?invariant=418 for the full message or use the non-minified dev environment for full errors and additional helpful warnings.
    at gu (http://localhost:8082/assets/index-VH9TOfLF.js:6:4907)
    at sa (http://localhost:8082/assets/index-VH9TOfLF.js:8:45647)
    at la (http://localhost:8082/assets/index-VH9TOfLF.js:8:39783)
    at rc (http://localhost:8082/assets/index-VH9TOfLF.js:8:39756)
    at ea (http://localhost:8082/assets/index-VH9TOfLF.js:8:34775)
    at on (http://localhost:8082/assets/index-VH9TOfLF.js:1:1753)
    at MessagePort.Mn (http://localhost:8082/assets/index-VH9TOfLF.js:1:2146)
[     297ms] Error: Minified React error #418; visit https://reactjs.org/docs/error-decoder.html?invariant=418 for the full message or use the non-minified dev environment for full errors and additional helpful warnings.
    at gu (http://localhost:8082/assets/index-VH9TOfLF.js:6:4907)
    at sa (http://localhost:8082/assets/index-VH9TOfLF.js:8:45647)
    at la (http://localhost:8082/assets/index-VH9TOfLF.js:8:39783)
    at rc (http://localhost:8082/assets/index-VH9TOfLF.js:8:39756)
    at ea (http://localhost:8082/assets/index-VH9TOfLF.js:8:34775)
    at on (http://localhost:8082/assets/index-VH9TOfLF.js:1:1753)
    at MessagePort.Mn (http://localhost:8082/assets/index-VH9TOfLF.js:1:2146)
[     297ms] Error: Minified React error #418; visit https://reactjs.org/docs/error-decoder.html?invariant=418 for the full message or use the non-minified dev environment for full errors and additional helpful warnings.
    at gu (http://localhost:8082/assets/index-VH9TOfLF.js:6:4907)
    at sa (http://localhost:8082/assets/index-VH9TOfLF.js:8:45647)
    at la (http://localhost:8082/assets/index-VH9TOfLF.js:8:39783)
    at rc (http://localhost:8082/assets/index-VH9TOfLF.js:8:39756)
    at ea (http://localhost:8082/assets/index-VH9TOfLF.js:8:34775)
    at on (http://localhost:8082/assets/index-VH9TOfLF.js:1:1753)
    at MessagePort.Mn (http://localhost:8082/assets/index-VH9TOfLF.js:1:2146)
[     297ms] Error: Minified React error #418; visit https://reactjs.org/docs/error-decoder.html?invariant=418 for the full message or use the non-minified dev environment for full errors and additional helpful warnings.
    at gu (http://localhost:8082/assets/index-VH9TOfLF.js:6:4907)
    at sa (http://localhost:8082/assets/index-VH9TOfLF.js:8:45647)
    at la (http://localhost:8082/assets/index-VH9TOfLF.js:8:39783)
    at rc (http://localhost:8082/assets/index-VH9TOfLF.js:8:39756)
    at ea (http://localhost:8082/assets/index-VH9TOfLF.js:8:34775)
    at on (http://localhost:8082/assets/index-VH9TOfLF.js:1:1753)
    at MessagePort.Mn (http://localhost:8082/assets/index-VH9TOfLF.js:1:2146)
[     298ms] Error: Minified React error #418; visit https://reactjs.org/docs/error-decoder.html?invariant=418 for the full message or use the non-minified dev environment for full errors and additional helpful warnings.
    at gu (http://localhost:8082/assets/index-VH9TOfLF.js:6:4907)
    at sa (http://localhost:8082/assets/index-VH9TOfLF.js:8:45647)
    at la (http://localhost:8082/assets/index-VH9TOfLF.js:8:39783)
    at rc (http://localhost:8082/assets/index-VH9TOfLF.js:8:39756)
    at ea (http://localhost:8082/assets/index-VH9TOfLF.js:8:34775)
    at on (http://localhost:8082/assets/index-VH9TOfLF.js:1:1753)
    at MessagePort.Mn (http://localhost:8082/assets/index-VH9TOfLF.js:1:2146)
[     300ms] Error: Minified React error #418; visit https://reactjs.org/docs/error-decoder.html?invariant=418 for the full message or use the non-minified dev environment for full errors and additional helpful warnings.
    at gu (http://localhost:8082/assets/index-VH9TOfLF.js:6:4907)
    at sa (http://localhost:8082/assets/index-VH9TOfLF.js:8:45647)
    at la (http://localhost:8082/assets/index-VH9TOfLF.js:8:39783)
    at rc (http://localhost:8082/assets/index-VH9TOfLF.js:8:39756)
    at ea (http://localhost:8082/assets/index-VH9TOfLF.js:8:34775)
    at on (http://localhost:8082/assets/index-VH9TOfLF.js:1:1753)
    at MessagePort.Mn (http://localhost:8082/assets/index-VH9TOfLF.js:1:2146)
[     301ms] Error: Minified React error #418; visit https://reactjs.org/docs/error-decoder.html?invariant=418 for the full message or use the non-minified dev environment for full errors and additional helpful warnings.
    at gu (http://localhost:8082/assets/index-VH9TOfLF.js:6:4907)
    at sa (http://localhost:8082/assets/index-VH9TOfLF.js:8:45647)
    at la (http://localhost:8082/assets/index-VH9TOfLF.js:8:39783)
    at rc (http://localhost:8082/assets/index-VH9TOfLF.js:8:39756)
    at ea (http://localhost:8082/assets/index-VH9TOfLF.js:8:34775)
    at on (http://localhost:8082/assets/index-VH9TOfLF.js:1:1753)
    at MessagePort.Mn (http://localhost:8082/assets/index-VH9TOfLF.js:1:2146)
[     302ms] Error: Minified React error #418; visit https://reactjs.org/docs/error-decoder.html?invariant=418 for the full message or use the non-minified dev environment for full errors and additional helpful warnings.
    at gu (http://localhost:8082/assets/index-VH9TOfLF.js:6:4907)
    at sa (http://localhost:8082/assets/index-VH9TOfLF.js:8:45647)
    at la (http://localhost:8082/assets/index-VH9TOfLF.js:8:39783)
    at rc (http://localhost:8082/assets/index-VH9TOfLF.js:8:39756)
    at ea (http://localhost:8082/assets/index-VH9TOfLF.js:8:34775)
    at on (http://localhost:8082/assets/index-VH9TOfLF.js:1:1753)
    at MessagePort.Mn (http://localhost:8082/assets/index-VH9TOfLF.js:1:2146)
[     304ms] Error: Minified React error #418; visit https://reactjs.org/docs/error-decoder.html?invariant=418 for the full message or use the non-minified dev environment for full errors and additional helpful warnings.
    at gu (http://localhost:8082/assets/index-VH9TOfLF.js:6:4907)
    at sa (http://localhost:8082/assets/index-VH9TOfLF.js:8:45647)
    at la (http://localhost:8082/assets/index-VH9TOfLF.js:8:39783)
    at rc (http://localhost:8082/assets/index-VH9TOfLF.js:8:39756)
    at ea (http://localhost:8082/assets/index-VH9TOfLF.js:8:34775)
    at on (http://localhost:8082/assets/index-VH9TOfLF.js:1:1753)
    at MessagePort.Mn (http://localhost:8082/assets/index-VH9TOfLF.js:1:2146)
[     305ms] Error: Minified React error #418; visit https://reactjs.org/docs/error-decoder.html?invariant=418 for the full message or use the non-minified dev environment for full errors and additional helpful warnings.
    at gu (http://localhost:8082/assets/index-VH9TOfLF.js:6:4907)
    at sa (http://localhost:8082/assets/index-VH9TOfLF.js:8:45647)
    at la (http://localhost:8082/assets/index-VH9TOfLF.js:8:39783)
    at rc (http://localhost:8082/assets/index-VH9TOfLF.js:8:39756)
    at ea (http://localhost:8082/assets/index-VH9TOfLF.js:8:34775)
    at on (http://localhost:8082/assets/index-VH9TOfLF.js:1:1753)
    at MessagePort.Mn (http://localhost:8082/assets/index-VH9TOfLF.js:1:2146)
[     305ms] Error: Minified React error #423; visit https://reactjs.org/docs/error-decoder.html?invariant=423 for the full message or use the non-minified dev environment for full errors and additional helpful warnings.
    at sa (http://localhost:8082/assets/index-VH9TOfLF.js:8:45307)
    at la (http://localhost:8082/assets/index-VH9TOfLF.js:8:39783)
    at tc (http://localhost:8082/assets/index-VH9TOfLF.js:8:39714)
    at ml (http://localhost:8082/assets/index-VH9TOfLF.js:8:39572)
    at li (http://localhost:8082/assets/index-VH9TOfLF.js:8:35956)
    at ea (http://localhost:8082/assets/index-VH9TOfLF.js:8:34909)
    at on (http://localhost:8082/assets/index-VH9TOfLF.js:1:1753)
    at MessagePort.Mn (http://localhost:8082/assets/index-VH9TOfLF.js:1:2146)
[     651ms] [WARNING] Canvas2D: Multiple readback operations using getImageData are faster with the willReadFrequently attribute set to true. See: https://html.spec.whatwg.org/multipage/canvas.html#concept-canvas-will-read-frequently @ http://localhost:8082/assets/use-editor-flagging-CjnBWF8T.js:96
[    2462ms] [ERROR] Failed to load resource: the server responded with a status of 404 (Not Found) @ http://localhost:8082/api/workspaces/clawteam/projects/7ddc801b-da2b-45c3-b3ab-c64426eba86f/intake-state/:0
[    7497ms] [ERROR] Failed to load resource: the server responded with a status of 404 (Not Found) @ http://localhost:8082/api/workspaces/clawteam/projects/7ddc801b-da2b-45c3-b3ab-c64426eba86f/intake-state/:0
[   27526ms] [ERROR] Failed to load resource: the server responded with a status of 404 (Not Found) @ http://localhost:8082/api/workspaces/clawteam/projects/7ddc801b-da2b-45c3-b3ab-c64426eba86f/intake-state/:0
[   52554ms] [ERROR] Failed to load resource: the server responded with a status of 404 (Not Found) @ http://localhost:8082/api/workspaces/clawteam/projects/7ddc801b-da2b-45c3-b3ab-c64426eba86f/intake-state/:0
