[    1558ms] [ERROR] Failed to load resource: the server responded with a status of 404 (Not Found) @ http://localhost:8080/favicon.ico:0
[  266125ms] [ERROR] Failed to load resource: the server responded with a status of 404 (Not Found) @ http://localhost:8080/favicon.ico:0
[  275497ms] [ERROR] Error: Minified React error #418; visit https://reactjs.org/docs/error-decoder.html?invariant=418 for the full message or use the non-minified dev environment for full errors and additional helpful warnings.
    at gu (http://localhost:8082/assets/index-VH9TOfLF.js:6:4907)
    at sa (http://localhost:8082/assets/index-VH9TOfLF.js:8:45647)
    at la (http://localhost:8082/assets/index-VH9TOfLF.js:8:39783)
    at rc (http://localhost:8082/assets/index-VH9TOfLF.js:8:39756)
    at ea (http://localhost:8082/assets/index-VH9TOfLF.js:8:34775)
    at on (http://localhost:8082/assets/index-VH9TOfLF.js:1:1753)
    at MessagePort.Mn (http://localhost:8082/assets/index-VH9TOfLF.js:1:2146) @ http://localhost:8082/assets/chunk-EPOLDU6W-PsE1YSAx.js:21
[  275512ms] Error: Minified React error #418; visit https://reactjs.org/docs/error-decoder.html?invariant=418 for the full message or use the non-minified dev environment for full errors and additional helpful warnings.
    at gu (http://localhost:8082/assets/index-VH9TOfLF.js:6:4907)
    at sa (http://localhost:8082/assets/index-VH9TOfLF.js:8:45647)
    at la (http://localhost:8082/assets/index-VH9TOfLF.js:8:39783)
    at rc (http://localhost:8082/assets/index-VH9TOfLF.js:8:39756)
    at ea (http://localhost:8082/assets/index-VH9TOfLF.js:8:34775)
    at on (http://localhost:8082/assets/index-VH9TOfLF.js:1:1753)
    at MessagePort.Mn (http://localhost:8082/assets/index-VH9TOfLF.js:1:2146)
[  275513ms] Error: Minified React error #418; visit https://reactjs.org/docs/error-decoder.html?invariant=418 for the full message or use the non-minified dev environment for full errors and additional helpful warnings.
    at gu (http://localhost:8082/assets/index-VH9TOfLF.js:6:4907)
    at sa (http://localhost:8082/assets/index-VH9TOfLF.js:8:45647)
    at la (http://localhost:8082/assets/index-VH9TOfLF.js:8:39783)
    at rc (http://localhost:8082/assets/index-VH9TOfLF.js:8:39756)
    at ea (http://localhost:8082/assets/index-VH9TOfLF.js:8:34775)
    at on (http://localhost:8082/assets/index-VH9TOfLF.js:1:1753)
    at MessagePort.Mn (http://localhost:8082/assets/index-VH9TOfLF.js:1:2146)
[  275513ms] Error: Minified React error #418; visit https://reactjs.org/docs/error-decoder.html?invariant=418 for the full message or use the non-minified dev environment for full errors and additional helpful warnings.
    at gu (http://localhost:8082/assets/index-VH9TOfLF.js:6:4907)
    at sa (http://localhost:8082/assets/index-VH9TOfLF.js:8:45647)
    at la (http://localhost:8082/assets/index-VH9TOfLF.js:8:39783)
    at rc (http://localhost:8082/assets/index-VH9TOfLF.js:8:39756)
    at ea (http://localhost:8082/assets/index-VH9TOfLF.js:8:34775)
    at on (http://localhost:8082/assets/index-VH9TOfLF.js:1:1753)
    at MessagePort.Mn (http://localhost:8082/assets/index-VH9TOfLF.js:1:2146)
[  275514ms] Error: Minified React error #418; visit https://reactjs.org/docs/error-decoder.html?invariant=418 for the full message or use the non-minified dev environment for full errors and additional helpful warnings.
    at gu (http://localhost:8082/assets/index-VH9TOfLF.js:6:4907)
    at sa (http://localhost:8082/assets/index-VH9TOfLF.js:8:45647)
    at la (http://localhost:8082/assets/index-VH9TOfLF.js:8:39783)
    at rc (http://localhost:8082/assets/index-VH9TOfLF.js:8:39756)
    at ea (http://localhost:8082/assets/index-VH9TOfLF.js:8:34775)
    at on (http://localhost:8082/assets/index-VH9TOfLF.js:1:1753)
    at MessagePort.Mn (http://localhost:8082/assets/index-VH9TOfLF.js:1:2146)
[  275514ms] Error: Minified React error #418; visit https://reactjs.org/docs/error-decoder.html?invariant=418 for the full message or use the non-minified dev environment for full errors and additional helpful warnings.
    at gu (http://localhost:8082/assets/index-VH9TOfLF.js:6:4907)
    at sa (http://localhost:8082/assets/index-VH9TOfLF.js:8:45647)
    at la (http://localhost:8082/assets/index-VH9TOfLF.js:8:39783)
    at rc (http://localhost:8082/assets/index-VH9TOfLF.js:8:39756)
    at ea (http://localhost:8082/assets/index-VH9TOfLF.js:8:34775)
    at on (http://localhost:8082/assets/index-VH9TOfLF.js:1:1753)
    at MessagePort.Mn (http://localhost:8082/assets/index-VH9TOfLF.js:1:2146)
[  275514ms] Error: Minified React error #418; visit https://reactjs.org/docs/error-decoder.html?invariant=418 for the full message or use the non-minified dev environment for full errors and additional helpful warnings.
    at gu (http://localhost:8082/assets/index-VH9TOfLF.js:6:4907)
    at sa (http://localhost:8082/assets/index-VH9TOfLF.js:8:45647)
    at la (http://localhost:8082/assets/index-VH9TOfLF.js:8:39783)
    at rc (http://localhost:8082/assets/index-VH9TOfLF.js:8:39756)
    at ea (http://localhost:8082/assets/index-VH9TOfLF.js:8:34775)
    at on (http://localhost:8082/assets/index-VH9TOfLF.js:1:1753)
    at MessagePort.Mn (http://localhost:8082/assets/index-VH9TOfLF.js:1:2146)
[  275515ms] Error: Minified React error #418; visit https://reactjs.org/docs/error-decoder.html?invariant=418 for the full message or use the non-minified dev environment for full errors and additional helpful warnings.
    at gu (http://localhost:8082/assets/index-VH9TOfLF.js:6:4907)
    at sa (http://localhost:8082/assets/index-VH9TOfLF.js:8:45647)
    at la (http://localhost:8082/assets/index-VH9TOfLF.js:8:39783)
    at rc (http://localhost:8082/assets/index-VH9TOfLF.js:8:39756)
    at ea (http://localhost:8082/assets/index-VH9TOfLF.js:8:34775)
    at on (http://localhost:8082/assets/index-VH9TOfLF.js:1:1753)
    at MessagePort.Mn (http://localhost:8082/assets/index-VH9TOfLF.js:1:2146)
[  275515ms] Error: Minified React error #418; visit https://reactjs.org/docs/error-decoder.html?invariant=418 for the full message or use the non-minified dev environment for full errors and additional helpful warnings.
    at gu (http://localhost:8082/assets/index-VH9TOfLF.js:6:4907)
    at sa (http://localhost:8082/assets/index-VH9TOfLF.js:8:45647)
    at la (http://localhost:8082/assets/index-VH9TOfLF.js:8:39783)
    at rc (http://localhost:8082/assets/index-VH9TOfLF.js:8:39756)
    at ea (http://localhost:8082/assets/index-VH9TOfLF.js:8:34775)
    at on (http://localhost:8082/assets/index-VH9TOfLF.js:1:1753)
    at MessagePort.Mn (http://localhost:8082/assets/index-VH9TOfLF.js:1:2146)
[  275516ms] Error: Minified React error #418; visit https://reactjs.org/docs/error-decoder.html?invariant=418 for the full message or use the non-minified dev environment for full errors and additional helpful warnings.
    at gu (http://localhost:8082/assets/index-VH9TOfLF.js:6:4907)
    at sa (http://localhost:8082/assets/index-VH9TOfLF.js:8:45647)
    at la (http://localhost:8082/assets/index-VH9TOfLF.js:8:39783)
    at rc (http://localhost:8082/assets/index-VH9TOfLF.js:8:39756)
    at ea (http://localhost:8082/assets/index-VH9TOfLF.js:8:34775)
    at on (http://localhost:8082/assets/index-VH9TOfLF.js:1:1753)
    at MessagePort.Mn (http://localhost:8082/assets/index-VH9TOfLF.js:1:2146)
[  275517ms] Error: Minified React error #418; visit https://reactjs.org/docs/error-decoder.html?invariant=418 for the full message or use the non-minified dev environment for full errors and additional helpful warnings.
    at gu (http://localhost:8082/assets/index-VH9TOfLF.js:6:4907)
    at sa (http://localhost:8082/assets/index-VH9TOfLF.js:8:45647)
    at la (http://localhost:8082/assets/index-VH9TOfLF.js:8:39783)
    at rc (http://localhost:8082/assets/index-VH9TOfLF.js:8:39756)
    at ea (http://localhost:8082/assets/index-VH9TOfLF.js:8:34775)
    at on (http://localhost:8082/assets/index-VH9TOfLF.js:1:1753)
    at MessagePort.Mn (http://localhost:8082/assets/index-VH9TOfLF.js:1:2146)
[  275518ms] Error: Minified React error #418; visit https://reactjs.org/docs/error-decoder.html?invariant=418 for the full message or use the non-minified dev environment for full errors and additional helpful warnings.
    at gu (http://localhost:8082/assets/index-VH9TOfLF.js:6:4907)
    at sa (http://localhost:8082/assets/index-VH9TOfLF.js:8:45647)
    at la (http://localhost:8082/assets/index-VH9TOfLF.js:8:39783)
    at rc (http://localhost:8082/assets/index-VH9TOfLF.js:8:39756)
    at ea (http://localhost:8082/assets/index-VH9TOfLF.js:8:34775)
    at on (http://localhost:8082/assets/index-VH9TOfLF.js:1:1753)
    at MessagePort.Mn (http://localhost:8082/assets/index-VH9TOfLF.js:1:2146)
[  275519ms] Error: Minified React error #418; visit https://reactjs.org/docs/error-decoder.html?invariant=418 for the full message or use the non-minified dev environment for full errors and additional helpful warnings.
    at gu (http://localhost:8082/assets/index-VH9TOfLF.js:6:4907)
    at sa (http://localhost:8082/assets/index-VH9TOfLF.js:8:45647)
    at la (http://localhost:8082/assets/index-VH9TOfLF.js:8:39783)
    at rc (http://localhost:8082/assets/index-VH9TOfLF.js:8:39756)
    at ea (http://localhost:8082/assets/index-VH9TOfLF.js:8:34775)
    at on (http://localhost:8082/assets/index-VH9TOfLF.js:1:1753)
    at MessagePort.Mn (http://localhost:8082/assets/index-VH9TOfLF.js:1:2146)
[  275519ms] Error: Minified React error #418; visit https://reactjs.org/docs/error-decoder.html?invariant=418 for the full message or use the non-minified dev environment for full errors and additional helpful warnings.
    at gu (http://localhost:8082/assets/index-VH9TOfLF.js:6:4907)
    at sa (http://localhost:8082/assets/index-VH9TOfLF.js:8:45647)
    at la (http://localhost:8082/assets/index-VH9TOfLF.js:8:39783)
    at rc (http://localhost:8082/assets/index-VH9TOfLF.js:8:39756)
    at ea (http://localhost:8082/assets/index-VH9TOfLF.js:8:34775)
    at on (http://localhost:8082/assets/index-VH9TOfLF.js:1:1753)
    at MessagePort.Mn (http://localhost:8082/assets/index-VH9TOfLF.js:1:2146)
[  275519ms] Error: Minified React error #418; visit https://reactjs.org/docs/error-decoder.html?invariant=418 for the full message or use the non-minified dev environment for full errors and additional helpful warnings.
    at gu (http://localhost:8082/assets/index-VH9TOfLF.js:6:4907)
    at sa (http://localhost:8082/assets/index-VH9TOfLF.js:8:45647)
    at la (http://localhost:8082/assets/index-VH9TOfLF.js:8:39783)
    at rc (http://localhost:8082/assets/index-VH9TOfLF.js:8:39756)
    at ea (http://localhost:8082/assets/index-VH9TOfLF.js:8:34775)
    at on (http://localhost:8082/assets/index-VH9TOfLF.js:1:1753)
    at MessagePort.Mn (http://localhost:8082/assets/index-VH9TOfLF.js:1:2146)
[  275520ms] Error: Minified React error #418; visit https://reactjs.org/docs/error-decoder.html?invariant=418 for the full message or use the non-minified dev environment for full errors and additional helpful warnings.
    at gu (http://localhost:8082/assets/index-VH9TOfLF.js:6:4907)
    at sa (http://localhost:8082/assets/index-VH9TOfLF.js:8:45647)
    at la (http://localhost:8082/assets/index-VH9TOfLF.js:8:39783)
    at rc (http://localhost:8082/assets/index-VH9TOfLF.js:8:39756)
    at ea (http://localhost:8082/assets/index-VH9TOfLF.js:8:34775)
    at on (http://localhost:8082/assets/index-VH9TOfLF.js:1:1753)
    at MessagePort.Mn (http://localhost:8082/assets/index-VH9TOfLF.js:1:2146)
[  275520ms] Error: Minified React error #418; visit https://reactjs.org/docs/error-decoder.html?invariant=418 for the full message or use the non-minified dev environment for full errors and additional helpful warnings.
    at gu (http://localhost:8082/assets/index-VH9TOfLF.js:6:4907)
    at sa (http://localhost:8082/assets/index-VH9TOfLF.js:8:45647)
    at la (http://localhost:8082/assets/index-VH9TOfLF.js:8:39783)
    at rc (http://localhost:8082/assets/index-VH9TOfLF.js:8:39756)
    at ea (http://localhost:8082/assets/index-VH9TOfLF.js:8:34775)
    at on (http://localhost:8082/assets/index-VH9TOfLF.js:1:1753)
    at MessagePort.Mn (http://localhost:8082/assets/index-VH9TOfLF.js:1:2146)
[  275520ms] Error: Minified React error #418; visit https://reactjs.org/docs/error-decoder.html?invariant=418 for the full message or use the non-minified dev environment for full errors and additional helpful warnings.
    at gu (http://localhost:8082/assets/index-VH9TOfLF.js:6:4907)
    at sa (http://localhost:8082/assets/index-VH9TOfLF.js:8:45647)
    at la (http://localhost:8082/assets/index-VH9TOfLF.js:8:39783)
    at rc (http://localhost:8082/assets/index-VH9TOfLF.js:8:39756)
    at ea (http://localhost:8082/assets/index-VH9TOfLF.js:8:34775)
    at on (http://localhost:8082/assets/index-VH9TOfLF.js:1:1753)
    at MessagePort.Mn (http://localhost:8082/assets/index-VH9TOfLF.js:1:2146)
[  275520ms] Error: Minified React error #418; visit https://reactjs.org/docs/error-decoder.html?invariant=418 for the full message or use the non-minified dev environment for full errors and additional helpful warnings.
    at gu (http://localhost:8082/assets/index-VH9TOfLF.js:6:4907)
    at sa (http://localhost:8082/assets/index-VH9TOfLF.js:8:45647)
    at la (http://localhost:8082/assets/index-VH9TOfLF.js:8:39783)
    at rc (http://localhost:8082/assets/index-VH9TOfLF.js:8:39756)
    at ea (http://localhost:8082/assets/index-VH9TOfLF.js:8:34775)
    at on (http://localhost:8082/assets/index-VH9TOfLF.js:1:1753)
    at MessagePort.Mn (http://localhost:8082/assets/index-VH9TOfLF.js:1:2146)
[  275521ms] Error: Minified React error #418; visit https://reactjs.org/docs/error-decoder.html?invariant=418 for the full message or use the non-minified dev environment for full errors and additional helpful warnings.
    at gu (http://localhost:8082/assets/index-VH9TOfLF.js:6:4907)
    at sa (http://localhost:8082/assets/index-VH9TOfLF.js:8:45647)
    at la (http://localhost:8082/assets/index-VH9TOfLF.js:8:39783)
    at rc (http://localhost:8082/assets/index-VH9TOfLF.js:8:39756)
    at ea (http://localhost:8082/assets/index-VH9TOfLF.js:8:34775)
    at on (http://localhost:8082/assets/index-VH9TOfLF.js:1:1753)
    at MessagePort.Mn (http://localhost:8082/assets/index-VH9TOfLF.js:1:2146)
[  275522ms] Error: Minified React error #418; visit https://reactjs.org/docs/error-decoder.html?invariant=418 for the full message or use the non-minified dev environment for full errors and additional helpful warnings.
    at gu (http://localhost:8082/assets/index-VH9TOfLF.js:6:4907)
    at sa (http://localhost:8082/assets/index-VH9TOfLF.js:8:45647)
    at la (http://localhost:8082/assets/index-VH9TOfLF.js:8:39783)
    at rc (http://localhost:8082/assets/index-VH9TOfLF.js:8:39756)
    at ea (http://localhost:8082/assets/index-VH9TOfLF.js:8:34775)
    at on (http://localhost:8082/assets/index-VH9TOfLF.js:1:1753)
    at MessagePort.Mn (http://localhost:8082/assets/index-VH9TOfLF.js:1:2146)
[  275522ms] Error: Minified React error #418; visit https://reactjs.org/docs/error-decoder.html?invariant=418 for the full message or use the non-minified dev environment for full errors and additional helpful warnings.
    at gu (http://localhost:8082/assets/index-VH9TOfLF.js:6:4907)
    at sa (http://localhost:8082/assets/index-VH9TOfLF.js:8:45647)
    at la (http://localhost:8082/assets/index-VH9TOfLF.js:8:39783)
    at rc (http://localhost:8082/assets/index-VH9TOfLF.js:8:39756)
    at ea (http://localhost:8082/assets/index-VH9TOfLF.js:8:34775)
    at on (http://localhost:8082/assets/index-VH9TOfLF.js:1:1753)
    at MessagePort.Mn (http://localhost:8082/assets/index-VH9TOfLF.js:1:2146)
[  275522ms] Error: Minified React error #418; visit https://reactjs.org/docs/error-decoder.html?invariant=418 for the full message or use the non-minified dev environment for full errors and additional helpful warnings.
    at gu (http://localhost:8082/assets/index-VH9TOfLF.js:6:4907)
    at sa (http://localhost:8082/assets/index-VH9TOfLF.js:8:45647)
    at la (http://localhost:8082/assets/index-VH9TOfLF.js:8:39783)
    at rc (http://localhost:8082/assets/index-VH9TOfLF.js:8:39756)
    at ea (http://localhost:8082/assets/index-VH9TOfLF.js:8:34775)
    at on (http://localhost:8082/assets/index-VH9TOfLF.js:1:1753)
    at MessagePort.Mn (http://localhost:8082/assets/index-VH9TOfLF.js:1:2146)
[  275523ms] Error: Minified React error #418; visit https://reactjs.org/docs/error-decoder.html?invariant=418 for the full message or use the non-minified dev environment for full errors and additional helpful warnings.
    at gu (http://localhost:8082/assets/index-VH9TOfLF.js:6:4907)
    at sa (http://localhost:8082/assets/index-VH9TOfLF.js:8:45647)
    at la (http://localhost:8082/assets/index-VH9TOfLF.js:8:39783)
    at rc (http://localhost:8082/assets/index-VH9TOfLF.js:8:39756)
    at ea (http://localhost:8082/assets/index-VH9TOfLF.js:8:34775)
    at on (http://localhost:8082/assets/index-VH9TOfLF.js:1:1753)
    at MessagePort.Mn (http://localhost:8082/assets/index-VH9TOfLF.js:1:2146)
[  275528ms] Error: Minified React error #418; visit https://reactjs.org/docs/error-decoder.html?invariant=418 for the full message or use the non-minified dev environment for full errors and additional helpful warnings.
    at gu (http://localhost:8082/assets/index-VH9TOfLF.js:6:4907)
    at sa (http://localhost:8082/assets/index-VH9TOfLF.js:8:45647)
    at la (http://localhost:8082/assets/index-VH9TOfLF.js:8:39783)
    at rc (http://localhost:8082/assets/index-VH9TOfLF.js:8:39756)
    at ea (http://localhost:8082/assets/index-VH9TOfLF.js:8:34775)
    at on (http://localhost:8082/assets/index-VH9TOfLF.js:1:1753)
    at MessagePort.Mn (http://localhost:8082/assets/index-VH9TOfLF.js:1:2146)
[  275530ms] Error: Minified React error #418; visit https://reactjs.org/docs/error-decoder.html?invariant=418 for the full message or use the non-minified dev environment for full errors and additional helpful warnings.
    at gu (http://localhost:8082/assets/index-VH9TOfLF.js:6:4907)
    at sa (http://localhost:8082/assets/index-VH9TOfLF.js:8:45647)
    at la (http://localhost:8082/assets/index-VH9TOfLF.js:8:39783)
    at rc (http://localhost:8082/assets/index-VH9TOfLF.js:8:39756)
    at ea (http://localhost:8082/assets/index-VH9TOfLF.js:8:34775)
    at on (http://localhost:8082/assets/index-VH9TOfLF.js:1:1753)
    at MessagePort.Mn (http://localhost:8082/assets/index-VH9TOfLF.js:1:2146)
[  275531ms] Error: Minified React error #418; visit https://reactjs.org/docs/error-decoder.html?invariant=418 for the full message or use the non-minified dev environment for full errors and additional helpful warnings.
    at gu (http://localhost:8082/assets/index-VH9TOfLF.js:6:4907)
    at sa (http://localhost:8082/assets/index-VH9TOfLF.js:8:45647)
    at la (http://localhost:8082/assets/index-VH9TOfLF.js:8:39783)
    at rc (http://localhost:8082/assets/index-VH9TOfLF.js:8:39756)
    at ea (http://localhost:8082/assets/index-VH9TOfLF.js:8:34775)
    at on (http://localhost:8082/assets/index-VH9TOfLF.js:1:1753)
    at MessagePort.Mn (http://localhost:8082/assets/index-VH9TOfLF.js:1:2146)
[  275535ms] Error: Minified React error #418; visit https://reactjs.org/docs/error-decoder.html?invariant=418 for the full message or use the non-minified dev environment for full errors and additional helpful warnings.
    at gu (http://localhost:8082/assets/index-VH9TOfLF.js:6:4907)
    at sa (http://localhost:8082/assets/index-VH9TOfLF.js:8:45647)
    at la (http://localhost:8082/assets/index-VH9TOfLF.js:8:39783)
    at rc (http://localhost:8082/assets/index-VH9TOfLF.js:8:39756)
    at ea (http://localhost:8082/assets/index-VH9TOfLF.js:8:34775)
    at on (http://localhost:8082/assets/index-VH9TOfLF.js:1:1753)
    at MessagePort.Mn (http://localhost:8082/assets/index-VH9TOfLF.js:1:2146)
[  275536ms] Error: Minified React error #418; visit https://reactjs.org/docs/error-decoder.html?invariant=418 for the full message or use the non-minified dev environment for full errors and additional helpful warnings.
    at gu (http://localhost:8082/assets/index-VH9TOfLF.js:6:4907)
    at sa (http://localhost:8082/assets/index-VH9TOfLF.js:8:45647)
    at la (http://localhost:8082/assets/index-VH9TOfLF.js:8:39783)
    at rc (http://localhost:8082/assets/index-VH9TOfLF.js:8:39756)
    at ea (http://localhost:8082/assets/index-VH9TOfLF.js:8:34775)
    at on (http://localhost:8082/assets/index-VH9TOfLF.js:1:1753)
    at MessagePort.Mn (http://localhost:8082/assets/index-VH9TOfLF.js:1:2146)
[  275537ms] Error: Minified React error #418; visit https://reactjs.org/docs/error-decoder.html?invariant=418 for the full message or use the non-minified dev environment for full errors and additional helpful warnings.
    at gu (http://localhost:8082/assets/index-VH9TOfLF.js:6:4907)
    at sa (http://localhost:8082/assets/index-VH9TOfLF.js:8:45647)
    at la (http://localhost:8082/assets/index-VH9TOfLF.js:8:39783)
    at rc (http://localhost:8082/assets/index-VH9TOfLF.js:8:39756)
    at ea (http://localhost:8082/assets/index-VH9TOfLF.js:8:34775)
    at on (http://localhost:8082/assets/index-VH9TOfLF.js:1:1753)
    at MessagePort.Mn (http://localhost:8082/assets/index-VH9TOfLF.js:1:2146)
[  275537ms] Error: Minified React error #418; visit https://reactjs.org/docs/error-decoder.html?invariant=418 for the full message or use the non-minified dev environment for full errors and additional helpful warnings.
    at gu (http://localhost:8082/assets/index-VH9TOfLF.js:6:4907)
    at sa (http://localhost:8082/assets/index-VH9TOfLF.js:8:45647)
    at la (http://localhost:8082/assets/index-VH9TOfLF.js:8:39783)
    at rc (http://localhost:8082/assets/index-VH9TOfLF.js:8:39756)
    at ea (http://localhost:8082/assets/index-VH9TOfLF.js:8:34775)
    at on (http://localhost:8082/assets/index-VH9TOfLF.js:1:1753)
    at MessagePort.Mn (http://localhost:8082/assets/index-VH9TOfLF.js:1:2146)
[  275538ms] Error: Minified React error #418; visit https://reactjs.org/docs/error-decoder.html?invariant=418 for the full message or use the non-minified dev environment for full errors and additional helpful warnings.
    at gu (http://localhost:8082/assets/index-VH9TOfLF.js:6:4907)
    at sa (http://localhost:8082/assets/index-VH9TOfLF.js:8:45647)
    at la (http://localhost:8082/assets/index-VH9TOfLF.js:8:39783)
    at rc (http://localhost:8082/assets/index-VH9TOfLF.js:8:39756)
    at ea (http://localhost:8082/assets/index-VH9TOfLF.js:8:34775)
    at on (http://localhost:8082/assets/index-VH9TOfLF.js:1:1753)
    at MessagePort.Mn (http://localhost:8082/assets/index-VH9TOfLF.js:1:2146)
[  275538ms] Error: Minified React error #418; visit https://reactjs.org/docs/error-decoder.html?invariant=418 for the full message or use the non-minified dev environment for full errors and additional helpful warnings.
    at gu (http://localhost:8082/assets/index-VH9TOfLF.js:6:4907)
    at sa (http://localhost:8082/assets/index-VH9TOfLF.js:8:45647)
    at la (http://localhost:8082/assets/index-VH9TOfLF.js:8:39783)
    at rc (http://localhost:8082/assets/index-VH9TOfLF.js:8:39756)
    at ea (http://localhost:8082/assets/index-VH9TOfLF.js:8:34775)
    at on (http://localhost:8082/assets/index-VH9TOfLF.js:1:1753)
    at MessagePort.Mn (http://localhost:8082/assets/index-VH9TOfLF.js:1:2146)
[  275539ms] Error: Minified React error #418; visit https://reactjs.org/docs/error-decoder.html?invariant=418 for the full message or use the non-minified dev environment for full errors and additional helpful warnings.
    at gu (http://localhost:8082/assets/index-VH9TOfLF.js:6:4907)
    at sa (http://localhost:8082/assets/index-VH9TOfLF.js:8:45647)
    at la (http://localhost:8082/assets/index-VH9TOfLF.js:8:39783)
    at rc (http://localhost:8082/assets/index-VH9TOfLF.js:8:39756)
    at ea (http://localhost:8082/assets/index-VH9TOfLF.js:8:34775)
    at on (http://localhost:8082/assets/index-VH9TOfLF.js:1:1753)
    at MessagePort.Mn (http://localhost:8082/assets/index-VH9TOfLF.js:1:2146)
[  275540ms] Error: Minified React error #418; visit https://reactjs.org/docs/error-decoder.html?invariant=418 for the full message or use the non-minified dev environment for full errors and additional helpful warnings.
    at gu (http://localhost:8082/assets/index-VH9TOfLF.js:6:4907)
    at sa (http://localhost:8082/assets/index-VH9TOfLF.js:8:45647)
    at la (http://localhost:8082/assets/index-VH9TOfLF.js:8:39783)
    at rc (http://localhost:8082/assets/index-VH9TOfLF.js:8:39756)
    at ea (http://localhost:8082/assets/index-VH9TOfLF.js:8:34775)
    at on (http://localhost:8082/assets/index-VH9TOfLF.js:1:1753)
    at MessagePort.Mn (http://localhost:8082/assets/index-VH9TOfLF.js:1:2146)
[  275540ms] Error: Minified React error #418; visit https://reactjs.org/docs/error-decoder.html?invariant=418 for the full message or use the non-minified dev environment for full errors and additional helpful warnings.
    at gu (http://localhost:8082/assets/index-VH9TOfLF.js:6:4907)
    at sa (http://localhost:8082/assets/index-VH9TOfLF.js:8:45647)
    at la (http://localhost:8082/assets/index-VH9TOfLF.js:8:39783)
    at rc (http://localhost:8082/assets/index-VH9TOfLF.js:8:39756)
    at ea (http://localhost:8082/assets/index-VH9TOfLF.js:8:34775)
    at on (http://localhost:8082/assets/index-VH9TOfLF.js:1:1753)
    at MessagePort.Mn (http://localhost:8082/assets/index-VH9TOfLF.js:1:2146)
[  275541ms] Error: Minified React error #418; visit https://reactjs.org/docs/error-decoder.html?invariant=418 for the full message or use the non-minified dev environment for full errors and additional helpful warnings.
    at gu (http://localhost:8082/assets/index-VH9TOfLF.js:6:4907)
    at sa (http://localhost:8082/assets/index-VH9TOfLF.js:8:45647)
    at la (http://localhost:8082/assets/index-VH9TOfLF.js:8:39783)
    at rc (http://localhost:8082/assets/index-VH9TOfLF.js:8:39756)
    at ea (http://localhost:8082/assets/index-VH9TOfLF.js:8:34775)
    at on (http://localhost:8082/assets/index-VH9TOfLF.js:1:1753)
    at MessagePort.Mn (http://localhost:8082/assets/index-VH9TOfLF.js:1:2146)
[  275541ms] Error: Minified React error #423; visit https://reactjs.org/docs/error-decoder.html?invariant=423 for the full message or use the non-minified dev environment for full errors and additional helpful warnings.
    at sa (http://localhost:8082/assets/index-VH9TOfLF.js:8:45307)
    at la (http://localhost:8082/assets/index-VH9TOfLF.js:8:39783)
    at tc (http://localhost:8082/assets/index-VH9TOfLF.js:8:39714)
    at ml (http://localhost:8082/assets/index-VH9TOfLF.js:8:39572)
    at li (http://localhost:8082/assets/index-VH9TOfLF.js:8:35956)
    at ea (http://localhost:8082/assets/index-VH9TOfLF.js:8:34909)
    at on (http://localhost:8082/assets/index-VH9TOfLF.js:1:1753)
    at MessagePort.Mn (http://localhost:8082/assets/index-VH9TOfLF.js:1:2146)
[  276597ms] [WARNING] Canvas2D: Multiple readback operations using getImageData are faster with the willReadFrequently attribute set to true. See: https://html.spec.whatwg.org/multipage/canvas.html#concept-canvas-will-read-frequently @ http://localhost:8082/assets/use-editor-flagging-CjnBWF8T.js:96
