[     534ms] [ERROR] Error: Minified React error #418; visit https://reactjs.org/docs/error-decoder.html?invariant=418 for the full message or use the non-minified dev environment for full errors and additional helpful warnings.
    at gu (http://localhost:8082/assets/index-VH9TOfLF.js:6:4907)
    at sa (http://localhost:8082/assets/index-VH9TOfLF.js:8:45647)
    at la (http://localhost:8082/assets/index-VH9TOfLF.js:8:39783)
    at rc (http://localhost:8082/assets/index-VH9TOfLF.js:8:39756)
    at ea (http://localhost:8082/assets/index-VH9TOfLF.js:8:34775)
    at on (http://localhost:8082/assets/index-VH9TOfLF.js:1:1753)
    at MessagePort.Mn (http://localhost:8082/assets/index-VH9TOfLF.js:1:2146) @ http://localhost:8082/assets/chunk-EPOLDU6W-PsE1YSAx.js:21
[     588ms] Error: Minified React error #418; visit https://reactjs.org/docs/error-decoder.html?invariant=418 for the full message or use the non-minified dev environment for full errors and additional helpful warnings.
    at gu (http://localhost:8082/assets/index-VH9TOfLF.js:6:4907)
    at sa (http://localhost:8082/assets/index-VH9TOfLF.js:8:45647)
    at la (http://localhost:8082/assets/index-VH9TOfLF.js:8:39783)
    at rc (http://localhost:8082/assets/index-VH9TOfLF.js:8:39756)
    at ea (http://localhost:8082/assets/index-VH9TOfLF.js:8:34775)
    at on (http://localhost:8082/assets/index-VH9TOfLF.js:1:1753)
    at MessagePort.Mn (http://localhost:8082/assets/index-VH9TOfLF.js:1:2146)
[     590ms] Error: Minified React error #418; visit https://reactjs.org/docs/error-decoder.html?invariant=418 for the full message or use the non-minified dev environment for full errors and additional helpful warnings.
    at gu (http://localhost:8082/assets/index-VH9TOfLF.js:6:4907)
    at sa (http://localhost:8082/assets/index-VH9TOfLF.js:8:45647)
    at la (http://localhost:8082/assets/index-VH9TOfLF.js:8:39783)
    at rc (http://localhost:8082/assets/index-VH9TOfLF.js:8:39756)
    at ea (http://localhost:8082/assets/index-VH9TOfLF.js:8:34775)
    at on (http://localhost:8082/assets/index-VH9TOfLF.js:1:1753)
    at MessagePort.Mn (http://localhost:8082/assets/index-VH9TOfLF.js:1:2146)
[     596ms] Error: Minified React error #418; visit https://reactjs.org/docs/error-decoder.html?invariant=418 for the full message or use the non-minified dev environment for full errors and additional helpful warnings.
    at gu (http://localhost:8082/assets/index-VH9TOfLF.js:6:4907)
    at sa (http://localhost:8082/assets/index-VH9TOfLF.js:8:45647)
    at la (http://localhost:8082/assets/index-VH9TOfLF.js:8:39783)
    at rc (http://localhost:8082/assets/index-VH9TOfLF.js:8:39756)
    at ea (http://localhost:8082/assets/index-VH9TOfLF.js:8:34775)
    at on (http://localhost:8082/assets/index-VH9TOfLF.js:1:1753)
    at MessagePort.Mn (http://localhost:8082/assets/index-VH9TOfLF.js:1:2146)
[     599ms] Error: Minified React error #418; visit https://reactjs.org/docs/error-decoder.html?invariant=418 for the full message or use the non-minified dev environment for full errors and additional helpful warnings.
    at gu (http://localhost:8082/assets/index-VH9TOfLF.js:6:4907)
    at sa (http://localhost:8082/assets/index-VH9TOfLF.js:8:45647)
    at la (http://localhost:8082/assets/index-VH9TOfLF.js:8:39783)
    at rc (http://localhost:8082/assets/index-VH9TOfLF.js:8:39756)
    at ea (http://localhost:8082/assets/index-VH9TOfLF.js:8:34775)
    at on (http://localhost:8082/assets/index-VH9TOfLF.js:1:1753)
    at MessagePort.Mn (http://localhost:8082/assets/index-VH9TOfLF.js:1:2146)
[     601ms] Error: Minified React error #418; visit https://reactjs.org/docs/error-decoder.html?invariant=418 for the full message or use the non-minified dev environment for full errors and additional helpful warnings.
    at gu (http://localhost:8082/assets/index-VH9TOfLF.js:6:4907)
    at sa (http://localhost:8082/assets/index-VH9TOfLF.js:8:45647)
    at la (http://localhost:8082/assets/index-VH9TOfLF.js:8:39783)
    at rc (http://localhost:8082/assets/index-VH9TOfLF.js:8:39756)
    at ea (http://localhost:8082/assets/index-VH9TOfLF.js:8:34775)
    at on (http://localhost:8082/assets/index-VH9TOfLF.js:1:1753)
    at MessagePort.Mn (http://localhost:8082/assets/index-VH9TOfLF.js:1:2146)
[     604ms] Error: Minified React error #418; visit https://reactjs.org/docs/error-decoder.html?invariant=418 for the full message or use the non-minified dev environment for full errors and additional helpful warnings.
    at gu (http://localhost:8082/assets/index-VH9TOfLF.js:6:4907)
    at sa (http://localhost:8082/assets/index-VH9TOfLF.js:8:45647)
    at la (http://localhost:8082/assets/index-VH9TOfLF.js:8:39783)
    at rc (http://localhost:8082/assets/index-VH9TOfLF.js:8:39756)
    at ea (http://localhost:8082/assets/index-VH9TOfLF.js:8:34775)
    at on (http://localhost:8082/assets/index-VH9TOfLF.js:1:1753)
    at MessagePort.Mn (http://localhost:8082/assets/index-VH9TOfLF.js:1:2146)
[     608ms] Error: Minified React error #418; visit https://reactjs.org/docs/error-decoder.html?invariant=418 for the full message or use the non-minified dev environment for full errors and additional helpful warnings.
    at gu (http://localhost:8082/assets/index-VH9TOfLF.js:6:4907)
    at sa (http://localhost:8082/assets/index-VH9TOfLF.js:8:45647)
    at la (http://localhost:8082/assets/index-VH9TOfLF.js:8:39783)
    at rc (http://localhost:8082/assets/index-VH9TOfLF.js:8:39756)
    at ea (http://localhost:8082/assets/index-VH9TOfLF.js:8:34775)
    at on (http://localhost:8082/assets/index-VH9TOfLF.js:1:1753)
    at MessagePort.Mn (http://localhost:8082/assets/index-VH9TOfLF.js:1:2146)
[     610ms] Error: Minified React error #418; visit https://reactjs.org/docs/error-decoder.html?invariant=418 for the full message or use the non-minified dev environment for full errors and additional helpful warnings.
    at gu (http://localhost:8082/assets/index-VH9TOfLF.js:6:4907)
    at sa (http://localhost:8082/assets/index-VH9TOfLF.js:8:45647)
    at la (http://localhost:8082/assets/index-VH9TOfLF.js:8:39783)
    at rc (http://localhost:8082/assets/index-VH9TOfLF.js:8:39756)
    at ea (http://localhost:8082/assets/index-VH9TOfLF.js:8:34775)
    at on (http://localhost:8082/assets/index-VH9TOfLF.js:1:1753)
    at MessagePort.Mn (http://localhost:8082/assets/index-VH9TOfLF.js:1:2146)
[     612ms] Error: Minified React error #418; visit https://reactjs.org/docs/error-decoder.html?invariant=418 for the full message or use the non-minified dev environment for full errors and additional helpful warnings.
    at gu (http://localhost:8082/assets/index-VH9TOfLF.js:6:4907)
    at sa (http://localhost:8082/assets/index-VH9TOfLF.js:8:45647)
    at la (http://localhost:8082/assets/index-VH9TOfLF.js:8:39783)
    at rc (http://localhost:8082/assets/index-VH9TOfLF.js:8:39756)
    at ea (http://localhost:8082/assets/index-VH9TOfLF.js:8:34775)
    at on (http://localhost:8082/assets/index-VH9TOfLF.js:1:1753)
    at MessagePort.Mn (http://localhost:8082/assets/index-VH9TOfLF.js:1:2146)
[     616ms] Error: Minified React error #418; visit https://reactjs.org/docs/error-decoder.html?invariant=418 for the full message or use the non-minified dev environment for full errors and additional helpful warnings.
    at gu (http://localhost:8082/assets/index-VH9TOfLF.js:6:4907)
    at sa (http://localhost:8082/assets/index-VH9TOfLF.js:8:45647)
    at la (http://localhost:8082/assets/index-VH9TOfLF.js:8:39783)
    at rc (http://localhost:8082/assets/index-VH9TOfLF.js:8:39756)
    at ea (http://localhost:8082/assets/index-VH9TOfLF.js:8:34775)
    at on (http://localhost:8082/assets/index-VH9TOfLF.js:1:1753)
    at MessagePort.Mn (http://localhost:8082/assets/index-VH9TOfLF.js:1:2146)
[     621ms] Error: Minified React error #418; visit https://reactjs.org/docs/error-decoder.html?invariant=418 for the full message or use the non-minified dev environment for full errors and additional helpful warnings.
    at gu (http://localhost:8082/assets/index-VH9TOfLF.js:6:4907)
    at sa (http://localhost:8082/assets/index-VH9TOfLF.js:8:45647)
    at la (http://localhost:8082/assets/index-VH9TOfLF.js:8:39783)
    at rc (http://localhost:8082/assets/index-VH9TOfLF.js:8:39756)
    at ea (http://localhost:8082/assets/index-VH9TOfLF.js:8:34775)
    at on (http://localhost:8082/assets/index-VH9TOfLF.js:1:1753)
    at MessagePort.Mn (http://localhost:8082/assets/index-VH9TOfLF.js:1:2146)
[     626ms] Error: Minified React error #418; visit https://reactjs.org/docs/error-decoder.html?invariant=418 for the full message or use the non-minified dev environment for full errors and additional helpful warnings.
    at gu (http://localhost:8082/assets/index-VH9TOfLF.js:6:4907)
    at sa (http://localhost:8082/assets/index-VH9TOfLF.js:8:45647)
    at la (http://localhost:8082/assets/index-VH9TOfLF.js:8:39783)
    at rc (http://localhost:8082/assets/index-VH9TOfLF.js:8:39756)
    at ea (http://localhost:8082/assets/index-VH9TOfLF.js:8:34775)
    at on (http://localhost:8082/assets/index-VH9TOfLF.js:1:1753)
    at MessagePort.Mn (http://localhost:8082/assets/index-VH9TOfLF.js:1:2146)
[     627ms] Error: Minified React error #418; visit https://reactjs.org/docs/error-decoder.html?invariant=418 for the full message or use the non-minified dev environment for full errors and additional helpful warnings.
    at gu (http://localhost:8082/assets/index-VH9TOfLF.js:6:4907)
    at sa (http://localhost:8082/assets/index-VH9TOfLF.js:8:45647)
    at la (http://localhost:8082/assets/index-VH9TOfLF.js:8:39783)
    at rc (http://localhost:8082/assets/index-VH9TOfLF.js:8:39756)
    at ea (http://localhost:8082/assets/index-VH9TOfLF.js:8:34775)
    at on (http://localhost:8082/assets/index-VH9TOfLF.js:1:1753)
    at MessagePort.Mn (http://localhost:8082/assets/index-VH9TOfLF.js:1:2146)
[     629ms] Error: Minified React error #418; visit https://reactjs.org/docs/error-decoder.html?invariant=418 for the full message or use the non-minified dev environment for full errors and additional helpful warnings.
    at gu (http://localhost:8082/assets/index-VH9TOfLF.js:6:4907)
    at sa (http://localhost:8082/assets/index-VH9TOfLF.js:8:45647)
    at la (http://localhost:8082/assets/index-VH9TOfLF.js:8:39783)
    at rc (http://localhost:8082/assets/index-VH9TOfLF.js:8:39756)
    at ea (http://localhost:8082/assets/index-VH9TOfLF.js:8:34775)
    at on (http://localhost:8082/assets/index-VH9TOfLF.js:1:1753)
    at MessagePort.Mn (http://localhost:8082/assets/index-VH9TOfLF.js:1:2146)
[     630ms] Error: Minified React error #418; visit https://reactjs.org/docs/error-decoder.html?invariant=418 for the full message or use the non-minified dev environment for full errors and additional helpful warnings.
    at gu (http://localhost:8082/assets/index-VH9TOfLF.js:6:4907)
    at sa (http://localhost:8082/assets/index-VH9TOfLF.js:8:45647)
    at la (http://localhost:8082/assets/index-VH9TOfLF.js:8:39783)
    at rc (http://localhost:8082/assets/index-VH9TOfLF.js:8:39756)
    at ea (http://localhost:8082/assets/index-VH9TOfLF.js:8:34775)
    at on (http://localhost:8082/assets/index-VH9TOfLF.js:1:1753)
    at MessagePort.Mn (http://localhost:8082/assets/index-VH9TOfLF.js:1:2146)
[     631ms] Error: Minified React error #418; visit https://reactjs.org/docs/error-decoder.html?invariant=418 for the full message or use the non-minified dev environment for full errors and additional helpful warnings.
    at gu (http://localhost:8082/assets/index-VH9TOfLF.js:6:4907)
    at sa (http://localhost:8082/assets/index-VH9TOfLF.js:8:45647)
    at la (http://localhost:8082/assets/index-VH9TOfLF.js:8:39783)
    at rc (http://localhost:8082/assets/index-VH9TOfLF.js:8:39756)
    at ea (http://localhost:8082/assets/index-VH9TOfLF.js:8:34775)
    at on (http://localhost:8082/assets/index-VH9TOfLF.js:1:1753)
    at MessagePort.Mn (http://localhost:8082/assets/index-VH9TOfLF.js:1:2146)
[     632ms] Error: Minified React error #418; visit https://reactjs.org/docs/error-decoder.html?invariant=418 for the full message or use the non-minified dev environment for full errors and additional helpful warnings.
    at gu (http://localhost:8082/assets/index-VH9TOfLF.js:6:4907)
    at sa (http://localhost:8082/assets/index-VH9TOfLF.js:8:45647)
    at la (http://localhost:8082/assets/index-VH9TOfLF.js:8:39783)
    at rc (http://localhost:8082/assets/index-VH9TOfLF.js:8:39756)
    at ea (http://localhost:8082/assets/index-VH9TOfLF.js:8:34775)
    at on (http://localhost:8082/assets/index-VH9TOfLF.js:1:1753)
    at MessagePort.Mn (http://localhost:8082/assets/index-VH9TOfLF.js:1:2146)
[     633ms] Error: Minified React error #418; visit https://reactjs.org/docs/error-decoder.html?invariant=418 for the full message or use the non-minified dev environment for full errors and additional helpful warnings.
    at gu (http://localhost:8082/assets/index-VH9TOfLF.js:6:4907)
    at sa (http://localhost:8082/assets/index-VH9TOfLF.js:8:45647)
    at la (http://localhost:8082/assets/index-VH9TOfLF.js:8:39783)
    at rc (http://localhost:8082/assets/index-VH9TOfLF.js:8:39756)
    at ea (http://localhost:8082/assets/index-VH9TOfLF.js:8:34775)
    at on (http://localhost:8082/assets/index-VH9TOfLF.js:1:1753)
    at MessagePort.Mn (http://localhost:8082/assets/index-VH9TOfLF.js:1:2146)
[     638ms] Error: Minified React error #418; visit https://reactjs.org/docs/error-decoder.html?invariant=418 for the full message or use the non-minified dev environment for full errors and additional helpful warnings.
    at gu (http://localhost:8082/assets/index-VH9TOfLF.js:6:4907)
    at sa (http://localhost:8082/assets/index-VH9TOfLF.js:8:45647)
    at la (http://localhost:8082/assets/index-VH9TOfLF.js:8:39783)
    at rc (http://localhost:8082/assets/index-VH9TOfLF.js:8:39756)
    at ea (http://localhost:8082/assets/index-VH9TOfLF.js:8:34775)
    at on (http://localhost:8082/assets/index-VH9TOfLF.js:1:1753)
    at MessagePort.Mn (http://localhost:8082/assets/index-VH9TOfLF.js:1:2146)
[     641ms] Error: Minified React error #418; visit https://reactjs.org/docs/error-decoder.html?invariant=418 for the full message or use the non-minified dev environment for full errors and additional helpful warnings.
    at gu (http://localhost:8082/assets/index-VH9TOfLF.js:6:4907)
    at sa (http://localhost:8082/assets/index-VH9TOfLF.js:8:45647)
    at la (http://localhost:8082/assets/index-VH9TOfLF.js:8:39783)
    at rc (http://localhost:8082/assets/index-VH9TOfLF.js:8:39756)
    at ea (http://localhost:8082/assets/index-VH9TOfLF.js:8:34775)
    at on (http://localhost:8082/assets/index-VH9TOfLF.js:1:1753)
    at MessagePort.Mn (http://localhost:8082/assets/index-VH9TOfLF.js:1:2146)
[     643ms] Error: Minified React error #418; visit https://reactjs.org/docs/error-decoder.html?invariant=418 for the full message or use the non-minified dev environment for full errors and additional helpful warnings.
    at gu (http://localhost:8082/assets/index-VH9TOfLF.js:6:4907)
    at sa (http://localhost:8082/assets/index-VH9TOfLF.js:8:45647)
    at la (http://localhost:8082/assets/index-VH9TOfLF.js:8:39783)
    at rc (http://localhost:8082/assets/index-VH9TOfLF.js:8:39756)
    at ea (http://localhost:8082/assets/index-VH9TOfLF.js:8:34775)
    at on (http://localhost:8082/assets/index-VH9TOfLF.js:1:1753)
    at MessagePort.Mn (http://localhost:8082/assets/index-VH9TOfLF.js:1:2146)
[     646ms] Error: Minified React error #418; visit https://reactjs.org/docs/error-decoder.html?invariant=418 for the full message or use the non-minified dev environment for full errors and additional helpful warnings.
    at gu (http://localhost:8082/assets/index-VH9TOfLF.js:6:4907)
    at sa (http://localhost:8082/assets/index-VH9TOfLF.js:8:45647)
    at la (http://localhost:8082/assets/index-VH9TOfLF.js:8:39783)
    at rc (http://localhost:8082/assets/index-VH9TOfLF.js:8:39756)
    at ea (http://localhost:8082/assets/index-VH9TOfLF.js:8:34775)
    at on (http://localhost:8082/assets/index-VH9TOfLF.js:1:1753)
    at MessagePort.Mn (http://localhost:8082/assets/index-VH9TOfLF.js:1:2146)
[     648ms] Error: Minified React error #418; visit https://reactjs.org/docs/error-decoder.html?invariant=418 for the full message or use the non-minified dev environment for full errors and additional helpful warnings.
    at gu (http://localhost:8082/assets/index-VH9TOfLF.js:6:4907)
    at sa (http://localhost:8082/assets/index-VH9TOfLF.js:8:45647)
    at la (http://localhost:8082/assets/index-VH9TOfLF.js:8:39783)
    at rc (http://localhost:8082/assets/index-VH9TOfLF.js:8:39756)
    at ea (http://localhost:8082/assets/index-VH9TOfLF.js:8:34775)
    at on (http://localhost:8082/assets/index-VH9TOfLF.js:1:1753)
    at MessagePort.Mn (http://localhost:8082/assets/index-VH9TOfLF.js:1:2146)
[     660ms] Error: Minified React error #418; visit https://reactjs.org/docs/error-decoder.html?invariant=418 for the full message or use the non-minified dev environment for full errors and additional helpful warnings.
    at gu (http://localhost:8082/assets/index-VH9TOfLF.js:6:4907)
    at sa (http://localhost:8082/assets/index-VH9TOfLF.js:8:45647)
    at la (http://localhost:8082/assets/index-VH9TOfLF.js:8:39783)
    at rc (http://localhost:8082/assets/index-VH9TOfLF.js:8:39756)
    at ea (http://localhost:8082/assets/index-VH9TOfLF.js:8:34775)
    at on (http://localhost:8082/assets/index-VH9TOfLF.js:1:1753)
    at MessagePort.Mn (http://localhost:8082/assets/index-VH9TOfLF.js:1:2146)
[     666ms] Error: Minified React error #418; visit https://reactjs.org/docs/error-decoder.html?invariant=418 for the full message or use the non-minified dev environment for full errors and additional helpful warnings.
    at gu (http://localhost:8082/assets/index-VH9TOfLF.js:6:4907)
    at sa (http://localhost:8082/assets/index-VH9TOfLF.js:8:45647)
    at la (http://localhost:8082/assets/index-VH9TOfLF.js:8:39783)
    at rc (http://localhost:8082/assets/index-VH9TOfLF.js:8:39756)
    at ea (http://localhost:8082/assets/index-VH9TOfLF.js:8:34775)
    at on (http://localhost:8082/assets/index-VH9TOfLF.js:1:1753)
    at MessagePort.Mn (http://localhost:8082/assets/index-VH9TOfLF.js:1:2146)
[     672ms] Error: Minified React error #418; visit https://reactjs.org/docs/error-decoder.html?invariant=418 for the full message or use the non-minified dev environment for full errors and additional helpful warnings.
    at gu (http://localhost:8082/assets/index-VH9TOfLF.js:6:4907)
    at sa (http://localhost:8082/assets/index-VH9TOfLF.js:8:45647)
    at la (http://localhost:8082/assets/index-VH9TOfLF.js:8:39783)
    at rc (http://localhost:8082/assets/index-VH9TOfLF.js:8:39756)
    at ea (http://localhost:8082/assets/index-VH9TOfLF.js:8:34775)
    at on (http://localhost:8082/assets/index-VH9TOfLF.js:1:1753)
    at MessagePort.Mn (http://localhost:8082/assets/index-VH9TOfLF.js:1:2146)
[     682ms] Error: Minified React error #418; visit https://reactjs.org/docs/error-decoder.html?invariant=418 for the full message or use the non-minified dev environment for full errors and additional helpful warnings.
    at gu (http://localhost:8082/assets/index-VH9TOfLF.js:6:4907)
    at sa (http://localhost:8082/assets/index-VH9TOfLF.js:8:45647)
    at la (http://localhost:8082/assets/index-VH9TOfLF.js:8:39783)
    at rc (http://localhost:8082/assets/index-VH9TOfLF.js:8:39756)
    at ea (http://localhost:8082/assets/index-VH9TOfLF.js:8:34775)
    at on (http://localhost:8082/assets/index-VH9TOfLF.js:1:1753)
    at MessagePort.Mn (http://localhost:8082/assets/index-VH9TOfLF.js:1:2146)
[     685ms] Error: Minified React error #418; visit https://reactjs.org/docs/error-decoder.html?invariant=418 for the full message or use the non-minified dev environment for full errors and additional helpful warnings.
    at gu (http://localhost:8082/assets/index-VH9TOfLF.js:6:4907)
    at sa (http://localhost:8082/assets/index-VH9TOfLF.js:8:45647)
    at la (http://localhost:8082/assets/index-VH9TOfLF.js:8:39783)
    at rc (http://localhost:8082/assets/index-VH9TOfLF.js:8:39756)
    at ea (http://localhost:8082/assets/index-VH9TOfLF.js:8:34775)
    at on (http://localhost:8082/assets/index-VH9TOfLF.js:1:1753)
    at MessagePort.Mn (http://localhost:8082/assets/index-VH9TOfLF.js:1:2146)
[     689ms] Error: Minified React error #418; visit https://reactjs.org/docs/error-decoder.html?invariant=418 for the full message or use the non-minified dev environment for full errors and additional helpful warnings.
    at gu (http://localhost:8082/assets/index-VH9TOfLF.js:6:4907)
    at sa (http://localhost:8082/assets/index-VH9TOfLF.js:8:45647)
    at la (http://localhost:8082/assets/index-VH9TOfLF.js:8:39783)
    at rc (http://localhost:8082/assets/index-VH9TOfLF.js:8:39756)
    at ea (http://localhost:8082/assets/index-VH9TOfLF.js:8:34775)
    at on (http://localhost:8082/assets/index-VH9TOfLF.js:1:1753)
    at MessagePort.Mn (http://localhost:8082/assets/index-VH9TOfLF.js:1:2146)
[     691ms] Error: Minified React error #418; visit https://reactjs.org/docs/error-decoder.html?invariant=418 for the full message or use the non-minified dev environment for full errors and additional helpful warnings.
    at gu (http://localhost:8082/assets/index-VH9TOfLF.js:6:4907)
    at sa (http://localhost:8082/assets/index-VH9TOfLF.js:8:45647)
    at la (http://localhost:8082/assets/index-VH9TOfLF.js:8:39783)
    at rc (http://localhost:8082/assets/index-VH9TOfLF.js:8:39756)
    at ea (http://localhost:8082/assets/index-VH9TOfLF.js:8:34775)
    at on (http://localhost:8082/assets/index-VH9TOfLF.js:1:1753)
    at MessagePort.Mn (http://localhost:8082/assets/index-VH9TOfLF.js:1:2146)
[     692ms] Error: Minified React error #418; visit https://reactjs.org/docs/error-decoder.html?invariant=418 for the full message or use the non-minified dev environment for full errors and additional helpful warnings.
    at gu (http://localhost:8082/assets/index-VH9TOfLF.js:6:4907)
    at sa (http://localhost:8082/assets/index-VH9TOfLF.js:8:45647)
    at la (http://localhost:8082/assets/index-VH9TOfLF.js:8:39783)
    at rc (http://localhost:8082/assets/index-VH9TOfLF.js:8:39756)
    at ea (http://localhost:8082/assets/index-VH9TOfLF.js:8:34775)
    at on (http://localhost:8082/assets/index-VH9TOfLF.js:1:1753)
    at MessagePort.Mn (http://localhost:8082/assets/index-VH9TOfLF.js:1:2146)
[     701ms] Error: Minified React error #418; visit https://reactjs.org/docs/error-decoder.html?invariant=418 for the full message or use the non-minified dev environment for full errors and additional helpful warnings.
    at gu (http://localhost:8082/assets/index-VH9TOfLF.js:6:4907)
    at sa (http://localhost:8082/assets/index-VH9TOfLF.js:8:45647)
    at la (http://localhost:8082/assets/index-VH9TOfLF.js:8:39783)
    at rc (http://localhost:8082/assets/index-VH9TOfLF.js:8:39756)
    at ea (http://localhost:8082/assets/index-VH9TOfLF.js:8:34775)
    at on (http://localhost:8082/assets/index-VH9TOfLF.js:1:1753)
    at MessagePort.Mn (http://localhost:8082/assets/index-VH9TOfLF.js:1:2146)
[     702ms] Error: Minified React error #418; visit https://reactjs.org/docs/error-decoder.html?invariant=418 for the full message or use the non-minified dev environment for full errors and additional helpful warnings.
    at gu (http://localhost:8082/assets/index-VH9TOfLF.js:6:4907)
    at sa (http://localhost:8082/assets/index-VH9TOfLF.js:8:45647)
    at la (http://localhost:8082/assets/index-VH9TOfLF.js:8:39783)
    at rc (http://localhost:8082/assets/index-VH9TOfLF.js:8:39756)
    at ea (http://localhost:8082/assets/index-VH9TOfLF.js:8:34775)
    at on (http://localhost:8082/assets/index-VH9TOfLF.js:1:1753)
    at MessagePort.Mn (http://localhost:8082/assets/index-VH9TOfLF.js:1:2146)
[     704ms] Error: Minified React error #418; visit https://reactjs.org/docs/error-decoder.html?invariant=418 for the full message or use the non-minified dev environment for full errors and additional helpful warnings.
    at gu (http://localhost:8082/assets/index-VH9TOfLF.js:6:4907)
    at sa (http://localhost:8082/assets/index-VH9TOfLF.js:8:45647)
    at la (http://localhost:8082/assets/index-VH9TOfLF.js:8:39783)
    at rc (http://localhost:8082/assets/index-VH9TOfLF.js:8:39756)
    at ea (http://localhost:8082/assets/index-VH9TOfLF.js:8:34775)
    at on (http://localhost:8082/assets/index-VH9TOfLF.js:1:1753)
    at MessagePort.Mn (http://localhost:8082/assets/index-VH9TOfLF.js:1:2146)
[     705ms] Error: Minified React error #418; visit https://reactjs.org/docs/error-decoder.html?invariant=418 for the full message or use the non-minified dev environment for full errors and additional helpful warnings.
    at gu (http://localhost:8082/assets/index-VH9TOfLF.js:6:4907)
    at sa (http://localhost:8082/assets/index-VH9TOfLF.js:8:45647)
    at la (http://localhost:8082/assets/index-VH9TOfLF.js:8:39783)
    at rc (http://localhost:8082/assets/index-VH9TOfLF.js:8:39756)
    at ea (http://localhost:8082/assets/index-VH9TOfLF.js:8:34775)
    at on (http://localhost:8082/assets/index-VH9TOfLF.js:1:1753)
    at MessagePort.Mn (http://localhost:8082/assets/index-VH9TOfLF.js:1:2146)
[     706ms] Error: Minified React error #418; visit https://reactjs.org/docs/error-decoder.html?invariant=418 for the full message or use the non-minified dev environment for full errors and additional helpful warnings.
    at gu (http://localhost:8082/assets/index-VH9TOfLF.js:6:4907)
    at sa (http://localhost:8082/assets/index-VH9TOfLF.js:8:45647)
    at la (http://localhost:8082/assets/index-VH9TOfLF.js:8:39783)
    at rc (http://localhost:8082/assets/index-VH9TOfLF.js:8:39756)
    at ea (http://localhost:8082/assets/index-VH9TOfLF.js:8:34775)
    at on (http://localhost:8082/assets/index-VH9TOfLF.js:1:1753)
    at MessagePort.Mn (http://localhost:8082/assets/index-VH9TOfLF.js:1:2146)
[     707ms] Error: Minified React error #423; visit https://reactjs.org/docs/error-decoder.html?invariant=423 for the full message or use the non-minified dev environment for full errors and additional helpful warnings.
    at sa (http://localhost:8082/assets/index-VH9TOfLF.js:8:45307)
    at la (http://localhost:8082/assets/index-VH9TOfLF.js:8:39783)
    at tc (http://localhost:8082/assets/index-VH9TOfLF.js:8:39714)
    at ml (http://localhost:8082/assets/index-VH9TOfLF.js:8:39572)
    at li (http://localhost:8082/assets/index-VH9TOfLF.js:8:35956)
    at ea (http://localhost:8082/assets/index-VH9TOfLF.js:8:34909)
    at on (http://localhost:8082/assets/index-VH9TOfLF.js:1:1753)
    at MessagePort.Mn (http://localhost:8082/assets/index-VH9TOfLF.js:1:2146)
[    2962ms] [ERROR] Failed to load resource: the server responded with a status of 401 (Unauthorized) @ http://localhost:8082/api/users/me/:0
[   38561ms] [ERROR] Error: Minified React error #418; visit https://reactjs.org/docs/error-decoder.html?invariant=418 for the full message or use the non-minified dev environment for full errors and additional helpful warnings.
    at gu (http://localhost:8082/assets/index-VH9TOfLF.js:6:4907)
    at sa (http://localhost:8082/assets/index-VH9TOfLF.js:8:45647)
    at la (http://localhost:8082/assets/index-VH9TOfLF.js:8:39783)
    at rc (http://localhost:8082/assets/index-VH9TOfLF.js:8:39756)
    at ea (http://localhost:8082/assets/index-VH9TOfLF.js:8:34775)
    at on (http://localhost:8082/assets/index-VH9TOfLF.js:1:1753)
    at MessagePort.Mn (http://localhost:8082/assets/index-VH9TOfLF.js:1:2146) @ http://localhost:8082/assets/chunk-EPOLDU6W-PsE1YSAx.js:21
[   38589ms] Error: Minified React error #418; visit https://reactjs.org/docs/error-decoder.html?invariant=418 for the full message or use the non-minified dev environment for full errors and additional helpful warnings.
    at gu (http://localhost:8082/assets/index-VH9TOfLF.js:6:4907)
    at sa (http://localhost:8082/assets/index-VH9TOfLF.js:8:45647)
    at la (http://localhost:8082/assets/index-VH9TOfLF.js:8:39783)
    at rc (http://localhost:8082/assets/index-VH9TOfLF.js:8:39756)
    at ea (http://localhost:8082/assets/index-VH9TOfLF.js:8:34775)
    at on (http://localhost:8082/assets/index-VH9TOfLF.js:1:1753)
    at MessagePort.Mn (http://localhost:8082/assets/index-VH9TOfLF.js:1:2146)
[   38589ms] Error: Minified React error #418; visit https://reactjs.org/docs/error-decoder.html?invariant=418 for the full message or use the non-minified dev environment for full errors and additional helpful warnings.
    at gu (http://localhost:8082/assets/index-VH9TOfLF.js:6:4907)
    at sa (http://localhost:8082/assets/index-VH9TOfLF.js:8:45647)
    at la (http://localhost:8082/assets/index-VH9TOfLF.js:8:39783)
    at rc (http://localhost:8082/assets/index-VH9TOfLF.js:8:39756)
    at ea (http://localhost:8082/assets/index-VH9TOfLF.js:8:34775)
    at on (http://localhost:8082/assets/index-VH9TOfLF.js:1:1753)
    at MessagePort.Mn (http://localhost:8082/assets/index-VH9TOfLF.js:1:2146)
[   38590ms] Error: Minified React error #418; visit https://reactjs.org/docs/error-decoder.html?invariant=418 for the full message or use the non-minified dev environment for full errors and additional helpful warnings.
    at gu (http://localhost:8082/assets/index-VH9TOfLF.js:6:4907)
    at sa (http://localhost:8082/assets/index-VH9TOfLF.js:8:45647)
    at la (http://localhost:8082/assets/index-VH9TOfLF.js:8:39783)
    at rc (http://localhost:8082/assets/index-VH9TOfLF.js:8:39756)
    at ea (http://localhost:8082/assets/index-VH9TOfLF.js:8:34775)
    at on (http://localhost:8082/assets/index-VH9TOfLF.js:1:1753)
    at MessagePort.Mn (http://localhost:8082/assets/index-VH9TOfLF.js:1:2146)
[   38590ms] Error: Minified React error #418; visit https://reactjs.org/docs/error-decoder.html?invariant=418 for the full message or use the non-minified dev environment for full errors and additional helpful warnings.
    at gu (http://localhost:8082/assets/index-VH9TOfLF.js:6:4907)
    at sa (http://localhost:8082/assets/index-VH9TOfLF.js:8:45647)
    at la (http://localhost:8082/assets/index-VH9TOfLF.js:8:39783)
    at rc (http://localhost:8082/assets/index-VH9TOfLF.js:8:39756)
    at ea (http://localhost:8082/assets/index-VH9TOfLF.js:8:34775)
    at on (http://localhost:8082/assets/index-VH9TOfLF.js:1:1753)
    at MessagePort.Mn (http://localhost:8082/assets/index-VH9TOfLF.js:1:2146)
[   38591ms] Error: Minified React error #418; visit https://reactjs.org/docs/error-decoder.html?invariant=418 for the full message or use the non-minified dev environment for full errors and additional helpful warnings.
    at gu (http://localhost:8082/assets/index-VH9TOfLF.js:6:4907)
    at sa (http://localhost:8082/assets/index-VH9TOfLF.js:8:45647)
    at la (http://localhost:8082/assets/index-VH9TOfLF.js:8:39783)
    at rc (http://localhost:8082/assets/index-VH9TOfLF.js:8:39756)
    at ea (http://localhost:8082/assets/index-VH9TOfLF.js:8:34775)
    at on (http://localhost:8082/assets/index-VH9TOfLF.js:1:1753)
    at MessagePort.Mn (http://localhost:8082/assets/index-VH9TOfLF.js:1:2146)
[   38591ms] Error: Minified React error #418; visit https://reactjs.org/docs/error-decoder.html?invariant=418 for the full message or use the non-minified dev environment for full errors and additional helpful warnings.
    at gu (http://localhost:8082/assets/index-VH9TOfLF.js:6:4907)
    at sa (http://localhost:8082/assets/index-VH9TOfLF.js:8:45647)
    at la (http://localhost:8082/assets/index-VH9TOfLF.js:8:39783)
    at rc (http://localhost:8082/assets/index-VH9TOfLF.js:8:39756)
    at ea (http://localhost:8082/assets/index-VH9TOfLF.js:8:34775)
    at on (http://localhost:8082/assets/index-VH9TOfLF.js:1:1753)
    at MessagePort.Mn (http://localhost:8082/assets/index-VH9TOfLF.js:1:2146)
[   38592ms] Error: Minified React error #418; visit https://reactjs.org/docs/error-decoder.html?invariant=418 for the full message or use the non-minified dev environment for full errors and additional helpful warnings.
    at gu (http://localhost:8082/assets/index-VH9TOfLF.js:6:4907)
    at sa (http://localhost:8082/assets/index-VH9TOfLF.js:8:45647)
    at la (http://localhost:8082/assets/index-VH9TOfLF.js:8:39783)
    at rc (http://localhost:8082/assets/index-VH9TOfLF.js:8:39756)
    at ea (http://localhost:8082/assets/index-VH9TOfLF.js:8:34775)
    at on (http://localhost:8082/assets/index-VH9TOfLF.js:1:1753)
    at MessagePort.Mn (http://localhost:8082/assets/index-VH9TOfLF.js:1:2146)
[   38593ms] Error: Minified React error #418; visit https://reactjs.org/docs/error-decoder.html?invariant=418 for the full message or use the non-minified dev environment for full errors and additional helpful warnings.
    at gu (http://localhost:8082/assets/index-VH9TOfLF.js:6:4907)
    at sa (http://localhost:8082/assets/index-VH9TOfLF.js:8:45647)
    at la (http://localhost:8082/assets/index-VH9TOfLF.js:8:39783)
    at rc (http://localhost:8082/assets/index-VH9TOfLF.js:8:39756)
    at ea (http://localhost:8082/assets/index-VH9TOfLF.js:8:34775)
    at on (http://localhost:8082/assets/index-VH9TOfLF.js:1:1753)
    at MessagePort.Mn (http://localhost:8082/assets/index-VH9TOfLF.js:1:2146)
[   38594ms] Error: Minified React error #418; visit https://reactjs.org/docs/error-decoder.html?invariant=418 for the full message or use the non-minified dev environment for full errors and additional helpful warnings.
    at gu (http://localhost:8082/assets/index-VH9TOfLF.js:6:4907)
    at sa (http://localhost:8082/assets/index-VH9TOfLF.js:8:45647)
    at la (http://localhost:8082/assets/index-VH9TOfLF.js:8:39783)
    at rc (http://localhost:8082/assets/index-VH9TOfLF.js:8:39756)
    at ea (http://localhost:8082/assets/index-VH9TOfLF.js:8:34775)
    at on (http://localhost:8082/assets/index-VH9TOfLF.js:1:1753)
    at MessagePort.Mn (http://localhost:8082/assets/index-VH9TOfLF.js:1:2146)
[   38595ms] Error: Minified React error #418; visit https://reactjs.org/docs/error-decoder.html?invariant=418 for the full message or use the non-minified dev environment for full errors and additional helpful warnings.
    at gu (http://localhost:8082/assets/index-VH9TOfLF.js:6:4907)
    at sa (http://localhost:8082/assets/index-VH9TOfLF.js:8:45647)
    at la (http://localhost:8082/assets/index-VH9TOfLF.js:8:39783)
    at rc (http://localhost:8082/assets/index-VH9TOfLF.js:8:39756)
    at ea (http://localhost:8082/assets/index-VH9TOfLF.js:8:34775)
    at on (http://localhost:8082/assets/index-VH9TOfLF.js:1:1753)
    at MessagePort.Mn (http://localhost:8082/assets/index-VH9TOfLF.js:1:2146)
[   38598ms] Error: Minified React error #418; visit https://reactjs.org/docs/error-decoder.html?invariant=418 for the full message or use the non-minified dev environment for full errors and additional helpful warnings.
    at gu (http://localhost:8082/assets/index-VH9TOfLF.js:6:4907)
    at sa (http://localhost:8082/assets/index-VH9TOfLF.js:8:45647)
    at la (http://localhost:8082/assets/index-VH9TOfLF.js:8:39783)
    at rc (http://localhost:8082/assets/index-VH9TOfLF.js:8:39756)
    at ea (http://localhost:8082/assets/index-VH9TOfLF.js:8:34775)
    at on (http://localhost:8082/assets/index-VH9TOfLF.js:1:1753)
    at MessagePort.Mn (http://localhost:8082/assets/index-VH9TOfLF.js:1:2146)
[   38598ms] Error: Minified React error #418; visit https://reactjs.org/docs/error-decoder.html?invariant=418 for the full message or use the non-minified dev environment for full errors and additional helpful warnings.
    at gu (http://localhost:8082/assets/index-VH9TOfLF.js:6:4907)
    at sa (http://localhost:8082/assets/index-VH9TOfLF.js:8:45647)
    at la (http://localhost:8082/assets/index-VH9TOfLF.js:8:39783)
    at rc (http://localhost:8082/assets/index-VH9TOfLF.js:8:39756)
    at ea (http://localhost:8082/assets/index-VH9TOfLF.js:8:34775)
    at on (http://localhost:8082/assets/index-VH9TOfLF.js:1:1753)
    at MessagePort.Mn (http://localhost:8082/assets/index-VH9TOfLF.js:1:2146)
[   38599ms] Error: Minified React error #418; visit https://reactjs.org/docs/error-decoder.html?invariant=418 for the full message or use the non-minified dev environment for full errors and additional helpful warnings.
    at gu (http://localhost:8082/assets/index-VH9TOfLF.js:6:4907)
    at sa (http://localhost:8082/assets/index-VH9TOfLF.js:8:45647)
    at la (http://localhost:8082/assets/index-VH9TOfLF.js:8:39783)
    at rc (http://localhost:8082/assets/index-VH9TOfLF.js:8:39756)
    at ea (http://localhost:8082/assets/index-VH9TOfLF.js:8:34775)
    at on (http://localhost:8082/assets/index-VH9TOfLF.js:1:1753)
    at MessagePort.Mn (http://localhost:8082/assets/index-VH9TOfLF.js:1:2146)
[   38601ms] Error: Minified React error #418; visit https://reactjs.org/docs/error-decoder.html?invariant=418 for the full message or use the non-minified dev environment for full errors and additional helpful warnings.
    at gu (http://localhost:8082/assets/index-VH9TOfLF.js:6:4907)
    at sa (http://localhost:8082/assets/index-VH9TOfLF.js:8:45647)
    at la (http://localhost:8082/assets/index-VH9TOfLF.js:8:39783)
    at rc (http://localhost:8082/assets/index-VH9TOfLF.js:8:39756)
    at ea (http://localhost:8082/assets/index-VH9TOfLF.js:8:34775)
    at on (http://localhost:8082/assets/index-VH9TOfLF.js:1:1753)
    at MessagePort.Mn (http://localhost:8082/assets/index-VH9TOfLF.js:1:2146)
[   38602ms] Error: Minified React error #418; visit https://reactjs.org/docs/error-decoder.html?invariant=418 for the full message or use the non-minified dev environment for full errors and additional helpful warnings.
    at gu (http://localhost:8082/assets/index-VH9TOfLF.js:6:4907)
    at sa (http://localhost:8082/assets/index-VH9TOfLF.js:8:45647)
    at la (http://localhost:8082/assets/index-VH9TOfLF.js:8:39783)
    at rc (http://localhost:8082/assets/index-VH9TOfLF.js:8:39756)
    at ea (http://localhost:8082/assets/index-VH9TOfLF.js:8:34775)
    at on (http://localhost:8082/assets/index-VH9TOfLF.js:1:1753)
    at MessagePort.Mn (http://localhost:8082/assets/index-VH9TOfLF.js:1:2146)
[   38603ms] Error: Minified React error #418; visit https://reactjs.org/docs/error-decoder.html?invariant=418 for the full message or use the non-minified dev environment for full errors and additional helpful warnings.
    at gu (http://localhost:8082/assets/index-VH9TOfLF.js:6:4907)
    at sa (http://localhost:8082/assets/index-VH9TOfLF.js:8:45647)
    at la (http://localhost:8082/assets/index-VH9TOfLF.js:8:39783)
    at rc (http://localhost:8082/assets/index-VH9TOfLF.js:8:39756)
    at ea (http://localhost:8082/assets/index-VH9TOfLF.js:8:34775)
    at on (http://localhost:8082/assets/index-VH9TOfLF.js:1:1753)
    at MessagePort.Mn (http://localhost:8082/assets/index-VH9TOfLF.js:1:2146)
[   38604ms] Error: Minified React error #418; visit https://reactjs.org/docs/error-decoder.html?invariant=418 for the full message or use the non-minified dev environment for full errors and additional helpful warnings.
    at gu (http://localhost:8082/assets/index-VH9TOfLF.js:6:4907)
    at sa (http://localhost:8082/assets/index-VH9TOfLF.js:8:45647)
    at la (http://localhost:8082/assets/index-VH9TOfLF.js:8:39783)
    at rc (http://localhost:8082/assets/index-VH9TOfLF.js:8:39756)
    at ea (http://localhost:8082/assets/index-VH9TOfLF.js:8:34775)
    at on (http://localhost:8082/assets/index-VH9TOfLF.js:1:1753)
    at MessagePort.Mn (http://localhost:8082/assets/index-VH9TOfLF.js:1:2146)
[   38604ms] Error: Minified React error #418; visit https://reactjs.org/docs/error-decoder.html?invariant=418 for the full message or use the non-minified dev environment for full errors and additional helpful warnings.
    at gu (http://localhost:8082/assets/index-VH9TOfLF.js:6:4907)
    at sa (http://localhost:8082/assets/index-VH9TOfLF.js:8:45647)
    at la (http://localhost:8082/assets/index-VH9TOfLF.js:8:39783)
    at rc (http://localhost:8082/assets/index-VH9TOfLF.js:8:39756)
    at ea (http://localhost:8082/assets/index-VH9TOfLF.js:8:34775)
    at on (http://localhost:8082/assets/index-VH9TOfLF.js:1:1753)
    at MessagePort.Mn (http://localhost:8082/assets/index-VH9TOfLF.js:1:2146)
[   38604ms] Error: Minified React error #418; visit https://reactjs.org/docs/error-decoder.html?invariant=418 for the full message or use the non-minified dev environment for full errors and additional helpful warnings.
    at gu (http://localhost:8082/assets/index-VH9TOfLF.js:6:4907)
    at sa (http://localhost:8082/assets/index-VH9TOfLF.js:8:45647)
    at la (http://localhost:8082/assets/index-VH9TOfLF.js:8:39783)
    at rc (http://localhost:8082/assets/index-VH9TOfLF.js:8:39756)
    at ea (http://localhost:8082/assets/index-VH9TOfLF.js:8:34775)
    at on (http://localhost:8082/assets/index-VH9TOfLF.js:1:1753)
    at MessagePort.Mn (http://localhost:8082/assets/index-VH9TOfLF.js:1:2146)
[   38605ms] Error: Minified React error #418; visit https://reactjs.org/docs/error-decoder.html?invariant=418 for the full message or use the non-minified dev environment for full errors and additional helpful warnings.
    at gu (http://localhost:8082/assets/index-VH9TOfLF.js:6:4907)
    at sa (http://localhost:8082/assets/index-VH9TOfLF.js:8:45647)
    at la (http://localhost:8082/assets/index-VH9TOfLF.js:8:39783)
    at rc (http://localhost:8082/assets/index-VH9TOfLF.js:8:39756)
    at ea (http://localhost:8082/assets/index-VH9TOfLF.js:8:34775)
    at on (http://localhost:8082/assets/index-VH9TOfLF.js:1:1753)
    at MessagePort.Mn (http://localhost:8082/assets/index-VH9TOfLF.js:1:2146)
[   38605ms] Error: Minified React error #418; visit https://reactjs.org/docs/error-decoder.html?invariant=418 for the full message or use the non-minified dev environment for full errors and additional helpful warnings.
    at gu (http://localhost:8082/assets/index-VH9TOfLF.js:6:4907)
    at sa (http://localhost:8082/assets/index-VH9TOfLF.js:8:45647)
    at la (http://localhost:8082/assets/index-VH9TOfLF.js:8:39783)
    at rc (http://localhost:8082/assets/index-VH9TOfLF.js:8:39756)
    at ea (http://localhost:8082/assets/index-VH9TOfLF.js:8:34775)
    at on (http://localhost:8082/assets/index-VH9TOfLF.js:1:1753)
    at MessagePort.Mn (http://localhost:8082/assets/index-VH9TOfLF.js:1:2146)
[   38605ms] Error: Minified React error #418; visit https://reactjs.org/docs/error-decoder.html?invariant=418 for the full message or use the non-minified dev environment for full errors and additional helpful warnings.
    at gu (http://localhost:8082/assets/index-VH9TOfLF.js:6:4907)
    at sa (http://localhost:8082/assets/index-VH9TOfLF.js:8:45647)
    at la (http://localhost:8082/assets/index-VH9TOfLF.js:8:39783)
    at rc (http://localhost:8082/assets/index-VH9TOfLF.js:8:39756)
    at ea (http://localhost:8082/assets/index-VH9TOfLF.js:8:34775)
    at on (http://localhost:8082/assets/index-VH9TOfLF.js:1:1753)
    at MessagePort.Mn (http://localhost:8082/assets/index-VH9TOfLF.js:1:2146)
[   38606ms] Error: Minified React error #418; visit https://reactjs.org/docs/error-decoder.html?invariant=418 for the full message or use the non-minified dev environment for full errors and additional helpful warnings.
    at gu (http://localhost:8082/assets/index-VH9TOfLF.js:6:4907)
    at sa (http://localhost:8082/assets/index-VH9TOfLF.js:8:45647)
    at la (http://localhost:8082/assets/index-VH9TOfLF.js:8:39783)
    at rc (http://localhost:8082/assets/index-VH9TOfLF.js:8:39756)
    at ea (http://localhost:8082/assets/index-VH9TOfLF.js:8:34775)
    at on (http://localhost:8082/assets/index-VH9TOfLF.js:1:1753)
    at MessagePort.Mn (http://localhost:8082/assets/index-VH9TOfLF.js:1:2146)
[   38606ms] Error: Minified React error #418; visit https://reactjs.org/docs/error-decoder.html?invariant=418 for the full message or use the non-minified dev environment for full errors and additional helpful warnings.
    at gu (http://localhost:8082/assets/index-VH9TOfLF.js:6:4907)
    at sa (http://localhost:8082/assets/index-VH9TOfLF.js:8:45647)
    at la (http://localhost:8082/assets/index-VH9TOfLF.js:8:39783)
    at rc (http://localhost:8082/assets/index-VH9TOfLF.js:8:39756)
    at ea (http://localhost:8082/assets/index-VH9TOfLF.js:8:34775)
    at on (http://localhost:8082/assets/index-VH9TOfLF.js:1:1753)
    at MessagePort.Mn (http://localhost:8082/assets/index-VH9TOfLF.js:1:2146)
[   38607ms] Error: Minified React error #418; visit https://reactjs.org/docs/error-decoder.html?invariant=418 for the full message or use the non-minified dev environment for full errors and additional helpful warnings.
    at gu (http://localhost:8082/assets/index-VH9TOfLF.js:6:4907)
    at sa (http://localhost:8082/assets/index-VH9TOfLF.js:8:45647)
    at la (http://localhost:8082/assets/index-VH9TOfLF.js:8:39783)
    at rc (http://localhost:8082/assets/index-VH9TOfLF.js:8:39756)
    at ea (http://localhost:8082/assets/index-VH9TOfLF.js:8:34775)
    at on (http://localhost:8082/assets/index-VH9TOfLF.js:1:1753)
    at MessagePort.Mn (http://localhost:8082/assets/index-VH9TOfLF.js:1:2146)
[   38607ms] Error: Minified React error #418; visit https://reactjs.org/docs/error-decoder.html?invariant=418 for the full message or use the non-minified dev environment for full errors and additional helpful warnings.
    at gu (http://localhost:8082/assets/index-VH9TOfLF.js:6:4907)
    at sa (http://localhost:8082/assets/index-VH9TOfLF.js:8:45647)
    at la (http://localhost:8082/assets/index-VH9TOfLF.js:8:39783)
    at rc (http://localhost:8082/assets/index-VH9TOfLF.js:8:39756)
    at ea (http://localhost:8082/assets/index-VH9TOfLF.js:8:34775)
    at on (http://localhost:8082/assets/index-VH9TOfLF.js:1:1753)
    at MessagePort.Mn (http://localhost:8082/assets/index-VH9TOfLF.js:1:2146)
[   38608ms] Error: Minified React error #418; visit https://reactjs.org/docs/error-decoder.html?invariant=418 for the full message or use the non-minified dev environment for full errors and additional helpful warnings.
    at gu (http://localhost:8082/assets/index-VH9TOfLF.js:6:4907)
    at sa (http://localhost:8082/assets/index-VH9TOfLF.js:8:45647)
    at la (http://localhost:8082/assets/index-VH9TOfLF.js:8:39783)
    at rc (http://localhost:8082/assets/index-VH9TOfLF.js:8:39756)
    at ea (http://localhost:8082/assets/index-VH9TOfLF.js:8:34775)
    at on (http://localhost:8082/assets/index-VH9TOfLF.js:1:1753)
    at MessagePort.Mn (http://localhost:8082/assets/index-VH9TOfLF.js:1:2146)
[   38608ms] Error: Minified React error #418; visit https://reactjs.org/docs/error-decoder.html?invariant=418 for the full message or use the non-minified dev environment for full errors and additional helpful warnings.
    at gu (http://localhost:8082/assets/index-VH9TOfLF.js:6:4907)
    at sa (http://localhost:8082/assets/index-VH9TOfLF.js:8:45647)
    at la (http://localhost:8082/assets/index-VH9TOfLF.js:8:39783)
    at rc (http://localhost:8082/assets/index-VH9TOfLF.js:8:39756)
    at ea (http://localhost:8082/assets/index-VH9TOfLF.js:8:34775)
    at on (http://localhost:8082/assets/index-VH9TOfLF.js:1:1753)
    at MessagePort.Mn (http://localhost:8082/assets/index-VH9TOfLF.js:1:2146)
[   38609ms] Error: Minified React error #418; visit https://reactjs.org/docs/error-decoder.html?invariant=418 for the full message or use the non-minified dev environment for full errors and additional helpful warnings.
    at gu (http://localhost:8082/assets/index-VH9TOfLF.js:6:4907)
    at sa (http://localhost:8082/assets/index-VH9TOfLF.js:8:45647)
    at la (http://localhost:8082/assets/index-VH9TOfLF.js:8:39783)
    at rc (http://localhost:8082/assets/index-VH9TOfLF.js:8:39756)
    at ea (http://localhost:8082/assets/index-VH9TOfLF.js:8:34775)
    at on (http://localhost:8082/assets/index-VH9TOfLF.js:1:1753)
    at MessagePort.Mn (http://localhost:8082/assets/index-VH9TOfLF.js:1:2146)
[   38612ms] Error: Minified React error #418; visit https://reactjs.org/docs/error-decoder.html?invariant=418 for the full message or use the non-minified dev environment for full errors and additional helpful warnings.
    at gu (http://localhost:8082/assets/index-VH9TOfLF.js:6:4907)
    at sa (http://localhost:8082/assets/index-VH9TOfLF.js:8:45647)
    at la (http://localhost:8082/assets/index-VH9TOfLF.js:8:39783)
    at rc (http://localhost:8082/assets/index-VH9TOfLF.js:8:39756)
    at ea (http://localhost:8082/assets/index-VH9TOfLF.js:8:34775)
    at on (http://localhost:8082/assets/index-VH9TOfLF.js:1:1753)
    at MessagePort.Mn (http://localhost:8082/assets/index-VH9TOfLF.js:1:2146)
[   38614ms] Error: Minified React error #418; visit https://reactjs.org/docs/error-decoder.html?invariant=418 for the full message or use the non-minified dev environment for full errors and additional helpful warnings.
    at gu (http://localhost:8082/assets/index-VH9TOfLF.js:6:4907)
    at sa (http://localhost:8082/assets/index-VH9TOfLF.js:8:45647)
    at la (http://localhost:8082/assets/index-VH9TOfLF.js:8:39783)
    at rc (http://localhost:8082/assets/index-VH9TOfLF.js:8:39756)
    at ea (http://localhost:8082/assets/index-VH9TOfLF.js:8:34775)
    at on (http://localhost:8082/assets/index-VH9TOfLF.js:1:1753)
    at MessagePort.Mn (http://localhost:8082/assets/index-VH9TOfLF.js:1:2146)
[   38615ms] Error: Minified React error #418; visit https://reactjs.org/docs/error-decoder.html?invariant=418 for the full message or use the non-minified dev environment for full errors and additional helpful warnings.
    at gu (http://localhost:8082/assets/index-VH9TOfLF.js:6:4907)
    at sa (http://localhost:8082/assets/index-VH9TOfLF.js:8:45647)
    at la (http://localhost:8082/assets/index-VH9TOfLF.js:8:39783)
    at rc (http://localhost:8082/assets/index-VH9TOfLF.js:8:39756)
    at ea (http://localhost:8082/assets/index-VH9TOfLF.js:8:34775)
    at on (http://localhost:8082/assets/index-VH9TOfLF.js:1:1753)
    at MessagePort.Mn (http://localhost:8082/assets/index-VH9TOfLF.js:1:2146)
[   38615ms] Error: Minified React error #418; visit https://reactjs.org/docs/error-decoder.html?invariant=418 for the full message or use the non-minified dev environment for full errors and additional helpful warnings.
    at gu (http://localhost:8082/assets/index-VH9TOfLF.js:6:4907)
    at sa (http://localhost:8082/assets/index-VH9TOfLF.js:8:45647)
    at la (http://localhost:8082/assets/index-VH9TOfLF.js:8:39783)
    at rc (http://localhost:8082/assets/index-VH9TOfLF.js:8:39756)
    at ea (http://localhost:8082/assets/index-VH9TOfLF.js:8:34775)
    at on (http://localhost:8082/assets/index-VH9TOfLF.js:1:1753)
    at MessagePort.Mn (http://localhost:8082/assets/index-VH9TOfLF.js:1:2146)
[   38615ms] Error: Minified React error #418; visit https://reactjs.org/docs/error-decoder.html?invariant=418 for the full message or use the non-minified dev environment for full errors and additional helpful warnings.
    at gu (http://localhost:8082/assets/index-VH9TOfLF.js:6:4907)
    at sa (http://localhost:8082/assets/index-VH9TOfLF.js:8:45647)
    at la (http://localhost:8082/assets/index-VH9TOfLF.js:8:39783)
    at rc (http://localhost:8082/assets/index-VH9TOfLF.js:8:39756)
    at ea (http://localhost:8082/assets/index-VH9TOfLF.js:8:34775)
    at on (http://localhost:8082/assets/index-VH9TOfLF.js:1:1753)
    at MessagePort.Mn (http://localhost:8082/assets/index-VH9TOfLF.js:1:2146)
[   38616ms] Error: Minified React error #418; visit https://reactjs.org/docs/error-decoder.html?invariant=418 for the full message or use the non-minified dev environment for full errors and additional helpful warnings.
    at gu (http://localhost:8082/assets/index-VH9TOfLF.js:6:4907)
    at sa (http://localhost:8082/assets/index-VH9TOfLF.js:8:45647)
    at la (http://localhost:8082/assets/index-VH9TOfLF.js:8:39783)
    at rc (http://localhost:8082/assets/index-VH9TOfLF.js:8:39756)
    at ea (http://localhost:8082/assets/index-VH9TOfLF.js:8:34775)
    at on (http://localhost:8082/assets/index-VH9TOfLF.js:1:1753)
    at MessagePort.Mn (http://localhost:8082/assets/index-VH9TOfLF.js:1:2146)
[   38616ms] Error: Minified React error #418; visit https://reactjs.org/docs/error-decoder.html?invariant=418 for the full message or use the non-minified dev environment for full errors and additional helpful warnings.
    at gu (http://localhost:8082/assets/index-VH9TOfLF.js:6:4907)
    at sa (http://localhost:8082/assets/index-VH9TOfLF.js:8:45647)
    at la (http://localhost:8082/assets/index-VH9TOfLF.js:8:39783)
    at rc (http://localhost:8082/assets/index-VH9TOfLF.js:8:39756)
    at ea (http://localhost:8082/assets/index-VH9TOfLF.js:8:34775)
    at on (http://localhost:8082/assets/index-VH9TOfLF.js:1:1753)
    at MessagePort.Mn (http://localhost:8082/assets/index-VH9TOfLF.js:1:2146)
[   38617ms] Error: Minified React error #423; visit https://reactjs.org/docs/error-decoder.html?invariant=423 for the full message or use the non-minified dev environment for full errors and additional helpful warnings.
    at sa (http://localhost:8082/assets/index-VH9TOfLF.js:8:45307)
    at la (http://localhost:8082/assets/index-VH9TOfLF.js:8:39783)
    at tc (http://localhost:8082/assets/index-VH9TOfLF.js:8:39714)
    at ml (http://localhost:8082/assets/index-VH9TOfLF.js:8:39572)
    at li (http://localhost:8082/assets/index-VH9TOfLF.js:8:35956)
    at ea (http://localhost:8082/assets/index-VH9TOfLF.js:8:34909)
    at on (http://localhost:8082/assets/index-VH9TOfLF.js:1:1753)
    at MessagePort.Mn (http://localhost:8082/assets/index-VH9TOfLF.js:1:2146)
[   40297ms] [WARNING] Canvas2D: Multiple readback operations using getImageData are faster with the willReadFrequently attribute set to true. See: https://html.spec.whatwg.org/multipage/canvas.html#concept-canvas-will-read-frequently @ http://localhost:8082/assets/use-editor-flagging-CjnBWF8T.js:96
[   62644ms] [ERROR] Failed to load resource: the server responded with a status of 404 (Not Found) @ http://localhost:8082/api/workspaces/clawteam/projects/7ddc801b-da2b-45c3-b3ab-c64426eba86f/intake-state/:0
[   67673ms] [ERROR] Failed to load resource: the server responded with a status of 404 (Not Found) @ http://localhost:8082/api/workspaces/clawteam/projects/7ddc801b-da2b-45c3-b3ab-c64426eba86f/intake-state/:0
[   82716ms] [ERROR] Failed to load resource: the server responded with a status of 404 (Not Found) @ http://localhost:8082/api/workspaces/clawteam/projects/7ddc801b-da2b-45c3-b3ab-c64426eba86f/intake-state/:0
[  122748ms] [ERROR] Failed to load resource: the server responded with a status of 404 (Not Found) @ http://localhost:8082/api/workspaces/clawteam/projects/7ddc801b-da2b-45c3-b3ab-c64426eba86f/intake-state/:0
[  235892ms] [ERROR] Failed to load resource: the server responded with a status of 404 (Not Found) @ http://localhost:8082/api/workspaces/clawteam/projects/7ddc801b-da2b-45c3-b3ab-c64426eba86f/intake-state/:0
[  240919ms] [ERROR] Failed to load resource: the server responded with a status of 404 (Not Found) @ http://localhost:8082/api/workspaces/clawteam/projects/7ddc801b-da2b-45c3-b3ab-c64426eba86f/intake-state/:0
[  250952ms] [ERROR] Failed to load resource: the server responded with a status of 404 (Not Found) @ http://localhost:8082/api/workspaces/clawteam/projects/7ddc801b-da2b-45c3-b3ab-c64426eba86f/intake-state/:0
[  285980ms] [ERROR] Failed to load resource: the server responded with a status of 404 (Not Found) @ http://localhost:8082/api/workspaces/clawteam/projects/7ddc801b-da2b-45c3-b3ab-c64426eba86f/intake-state/:0
