[     420ms] [ERROR] Error: Minified React error #418; visit https://reactjs.org/docs/error-decoder.html?invariant=418 for the full message or use the non-minified dev environment for full errors and additional helpful warnings.
    at gu (http://localhost:8082/assets/index-VH9TOfLF.js:6:4907)
    at sa (http://localhost:8082/assets/index-VH9TOfLF.js:8:45647)
    at la (http://localhost:8082/assets/index-VH9TOfLF.js:8:39783)
    at rc (http://localhost:8082/assets/index-VH9TOfLF.js:8:39756)
    at ea (http://localhost:8082/assets/index-VH9TOfLF.js:8:34775)
    at on (http://localhost:8082/assets/index-VH9TOfLF.js:1:1753)
    at MessagePort.Mn (http://localhost:8082/assets/index-VH9TOfLF.js:1:2146) @ http://localhost:8082/assets/chunk-EPOLDU6W-PsE1YSAx.js:21
[     474ms] Error: Minified React error #418; visit https://reactjs.org/docs/error-decoder.html?invariant=418 for the full message or use the non-minified dev environment for full errors and additional helpful warnings.
    at gu (http://localhost:8082/assets/index-VH9TOfLF.js:6:4907)
    at sa (http://localhost:8082/assets/index-VH9TOfLF.js:8:45647)
    at la (http://localhost:8082/assets/index-VH9TOfLF.js:8:39783)
    at rc (http://localhost:8082/assets/index-VH9TOfLF.js:8:39756)
    at ea (http://localhost:8082/assets/index-VH9TOfLF.js:8:34775)
    at on (http://localhost:8082/assets/index-VH9TOfLF.js:1:1753)
    at MessagePort.Mn (http://localhost:8082/assets/index-VH9TOfLF.js:1:2146)
[     483ms] Error: Minified React error #418; visit https://reactjs.org/docs/error-decoder.html?invariant=418 for the full message or use the non-minified dev environment for full errors and additional helpful warnings.
    at gu (http://localhost:8082/assets/index-VH9TOfLF.js:6:4907)
    at sa (http://localhost:8082/assets/index-VH9TOfLF.js:8:45647)
    at la (http://localhost:8082/assets/index-VH9TOfLF.js:8:39783)
    at rc (http://localhost:8082/assets/index-VH9TOfLF.js:8:39756)
    at ea (http://localhost:8082/assets/index-VH9TOfLF.js:8:34775)
    at on (http://localhost:8082/assets/index-VH9TOfLF.js:1:1753)
    at MessagePort.Mn (http://localhost:8082/assets/index-VH9TOfLF.js:1:2146)
[     486ms] Error: Minified React error #418; visit https://reactjs.org/docs/error-decoder.html?invariant=418 for the full message or use the non-minified dev environment for full errors and additional helpful warnings.
    at gu (http://localhost:8082/assets/index-VH9TOfLF.js:6:4907)
    at sa (http://localhost:8082/assets/index-VH9TOfLF.js:8:45647)
    at la (http://localhost:8082/assets/index-VH9TOfLF.js:8:39783)
    at rc (http://localhost:8082/assets/index-VH9TOfLF.js:8:39756)
    at ea (http://localhost:8082/assets/index-VH9TOfLF.js:8:34775)
    at on (http://localhost:8082/assets/index-VH9TOfLF.js:1:1753)
    at MessagePort.Mn (http://localhost:8082/assets/index-VH9TOfLF.js:1:2146)
[     486ms] Error: Minified React error #418; visit https://reactjs.org/docs/error-decoder.html?invariant=418 for the full message or use the non-minified dev environment for full errors and additional helpful warnings.
    at gu (http://localhost:8082/assets/index-VH9TOfLF.js:6:4907)
    at sa (http://localhost:8082/assets/index-VH9TOfLF.js:8:45647)
    at la (http://localhost:8082/assets/index-VH9TOfLF.js:8:39783)
    at rc (http://localhost:8082/assets/index-VH9TOfLF.js:8:39756)
    at ea (http://localhost:8082/assets/index-VH9TOfLF.js:8:34775)
    at on (http://localhost:8082/assets/index-VH9TOfLF.js:1:1753)
    at MessagePort.Mn (http://localhost:8082/assets/index-VH9TOfLF.js:1:2146)
[     487ms] Error: Minified React error #418; visit https://reactjs.org/docs/error-decoder.html?invariant=418 for the full message or use the non-minified dev environment for full errors and additional helpful warnings.
    at gu (http://localhost:8082/assets/index-VH9TOfLF.js:6:4907)
    at sa (http://localhost:8082/assets/index-VH9TOfLF.js:8:45647)
    at la (http://localhost:8082/assets/index-VH9TOfLF.js:8:39783)
    at rc (http://localhost:8082/assets/index-VH9TOfLF.js:8:39756)
    at ea (http://localhost:8082/assets/index-VH9TOfLF.js:8:34775)
    at on (http://localhost:8082/assets/index-VH9TOfLF.js:1:1753)
    at MessagePort.Mn (http://localhost:8082/assets/index-VH9TOfLF.js:1:2146)
[     488ms] Error: Minified React error #418; visit https://reactjs.org/docs/error-decoder.html?invariant=418 for the full message or use the non-minified dev environment for full errors and additional helpful warnings.
    at gu (http://localhost:8082/assets/index-VH9TOfLF.js:6:4907)
    at sa (http://localhost:8082/assets/index-VH9TOfLF.js:8:45647)
    at la (http://localhost:8082/assets/index-VH9TOfLF.js:8:39783)
    at rc (http://localhost:8082/assets/index-VH9TOfLF.js:8:39756)
    at ea (http://localhost:8082/assets/index-VH9TOfLF.js:8:34775)
    at on (http://localhost:8082/assets/index-VH9TOfLF.js:1:1753)
    at MessagePort.Mn (http://localhost:8082/assets/index-VH9TOfLF.js:1:2146)
[     489ms] Error: Minified React error #418; visit https://reactjs.org/docs/error-decoder.html?invariant=418 for the full message or use the non-minified dev environment for full errors and additional helpful warnings.
    at gu (http://localhost:8082/assets/index-VH9TOfLF.js:6:4907)
    at sa (http://localhost:8082/assets/index-VH9TOfLF.js:8:45647)
    at la (http://localhost:8082/assets/index-VH9TOfLF.js:8:39783)
    at rc (http://localhost:8082/assets/index-VH9TOfLF.js:8:39756)
    at ea (http://localhost:8082/assets/index-VH9TOfLF.js:8:34775)
    at on (http://localhost:8082/assets/index-VH9TOfLF.js:1:1753)
    at MessagePort.Mn (http://localhost:8082/assets/index-VH9TOfLF.js:1:2146)
[     493ms] Error: Minified React error #418; visit https://reactjs.org/docs/error-decoder.html?invariant=418 for the full message or use the non-minified dev environment for full errors and additional helpful warnings.
    at gu (http://localhost:8082/assets/index-VH9TOfLF.js:6:4907)
    at sa (http://localhost:8082/assets/index-VH9TOfLF.js:8:45647)
    at la (http://localhost:8082/assets/index-VH9TOfLF.js:8:39783)
    at rc (http://localhost:8082/assets/index-VH9TOfLF.js:8:39756)
    at ea (http://localhost:8082/assets/index-VH9TOfLF.js:8:34775)
    at on (http://localhost:8082/assets/index-VH9TOfLF.js:1:1753)
    at MessagePort.Mn (http://localhost:8082/assets/index-VH9TOfLF.js:1:2146)
[     493ms] Error: Minified React error #418; visit https://reactjs.org/docs/error-decoder.html?invariant=418 for the full message or use the non-minified dev environment for full errors and additional helpful warnings.
    at gu (http://localhost:8082/assets/index-VH9TOfLF.js:6:4907)
    at sa (http://localhost:8082/assets/index-VH9TOfLF.js:8:45647)
    at la (http://localhost:8082/assets/index-VH9TOfLF.js:8:39783)
    at rc (http://localhost:8082/assets/index-VH9TOfLF.js:8:39756)
    at ea (http://localhost:8082/assets/index-VH9TOfLF.js:8:34775)
    at on (http://localhost:8082/assets/index-VH9TOfLF.js:1:1753)
    at MessagePort.Mn (http://localhost:8082/assets/index-VH9TOfLF.js:1:2146)
[     494ms] Error: Minified React error #418; visit https://reactjs.org/docs/error-decoder.html?invariant=418 for the full message or use the non-minified dev environment for full errors and additional helpful warnings.
    at gu (http://localhost:8082/assets/index-VH9TOfLF.js:6:4907)
    at sa (http://localhost:8082/assets/index-VH9TOfLF.js:8:45647)
    at la (http://localhost:8082/assets/index-VH9TOfLF.js:8:39783)
    at rc (http://localhost:8082/assets/index-VH9TOfLF.js:8:39756)
    at ea (http://localhost:8082/assets/index-VH9TOfLF.js:8:34775)
    at on (http://localhost:8082/assets/index-VH9TOfLF.js:1:1753)
    at MessagePort.Mn (http://localhost:8082/assets/index-VH9TOfLF.js:1:2146)
[     494ms] Error: Minified React error #418; visit https://reactjs.org/docs/error-decoder.html?invariant=418 for the full message or use the non-minified dev environment for full errors and additional helpful warnings.
    at gu (http://localhost:8082/assets/index-VH9TOfLF.js:6:4907)
    at sa (http://localhost:8082/assets/index-VH9TOfLF.js:8:45647)
    at la (http://localhost:8082/assets/index-VH9TOfLF.js:8:39783)
    at rc (http://localhost:8082/assets/index-VH9TOfLF.js:8:39756)
    at ea (http://localhost:8082/assets/index-VH9TOfLF.js:8:34775)
    at on (http://localhost:8082/assets/index-VH9TOfLF.js:1:1753)
    at MessagePort.Mn (http://localhost:8082/assets/index-VH9TOfLF.js:1:2146)
[     495ms] Error: Minified React error #418; visit https://reactjs.org/docs/error-decoder.html?invariant=418 for the full message or use the non-minified dev environment for full errors and additional helpful warnings.
    at gu (http://localhost:8082/assets/index-VH9TOfLF.js:6:4907)
    at sa (http://localhost:8082/assets/index-VH9TOfLF.js:8:45647)
    at la (http://localhost:8082/assets/index-VH9TOfLF.js:8:39783)
    at rc (http://localhost:8082/assets/index-VH9TOfLF.js:8:39756)
    at ea (http://localhost:8082/assets/index-VH9TOfLF.js:8:34775)
    at on (http://localhost:8082/assets/index-VH9TOfLF.js:1:1753)
    at MessagePort.Mn (http://localhost:8082/assets/index-VH9TOfLF.js:1:2146)
[     495ms] Error: Minified React error #418; visit https://reactjs.org/docs/error-decoder.html?invariant=418 for the full message or use the non-minified dev environment for full errors and additional helpful warnings.
    at gu (http://localhost:8082/assets/index-VH9TOfLF.js:6:4907)
    at sa (http://localhost:8082/assets/index-VH9TOfLF.js:8:45647)
    at la (http://localhost:8082/assets/index-VH9TOfLF.js:8:39783)
    at rc (http://localhost:8082/assets/index-VH9TOfLF.js:8:39756)
    at ea (http://localhost:8082/assets/index-VH9TOfLF.js:8:34775)
    at on (http://localhost:8082/assets/index-VH9TOfLF.js:1:1753)
    at MessagePort.Mn (http://localhost:8082/assets/index-VH9TOfLF.js:1:2146)
[     496ms] Error: Minified React error #418; visit https://reactjs.org/docs/error-decoder.html?invariant=418 for the full message or use the non-minified dev environment for full errors and additional helpful warnings.
    at gu (http://localhost:8082/assets/index-VH9TOfLF.js:6:4907)
    at sa (http://localhost:8082/assets/index-VH9TOfLF.js:8:45647)
    at la (http://localhost:8082/assets/index-VH9TOfLF.js:8:39783)
    at rc (http://localhost:8082/assets/index-VH9TOfLF.js:8:39756)
    at ea (http://localhost:8082/assets/index-VH9TOfLF.js:8:34775)
    at on (http://localhost:8082/assets/index-VH9TOfLF.js:1:1753)
    at MessagePort.Mn (http://localhost:8082/assets/index-VH9TOfLF.js:1:2146)
[     497ms] Error: Minified React error #418; visit https://reactjs.org/docs/error-decoder.html?invariant=418 for the full message or use the non-minified dev environment for full errors and additional helpful warnings.
    at gu (http://localhost:8082/assets/index-VH9TOfLF.js:6:4907)
    at sa (http://localhost:8082/assets/index-VH9TOfLF.js:8:45647)
    at la (http://localhost:8082/assets/index-VH9TOfLF.js:8:39783)
    at rc (http://localhost:8082/assets/index-VH9TOfLF.js:8:39756)
    at ea (http://localhost:8082/assets/index-VH9TOfLF.js:8:34775)
    at on (http://localhost:8082/assets/index-VH9TOfLF.js:1:1753)
    at MessagePort.Mn (http://localhost:8082/assets/index-VH9TOfLF.js:1:2146)
[     498ms] Error: Minified React error #418; visit https://reactjs.org/docs/error-decoder.html?invariant=418 for the full message or use the non-minified dev environment for full errors and additional helpful warnings.
    at gu (http://localhost:8082/assets/index-VH9TOfLF.js:6:4907)
    at sa (http://localhost:8082/assets/index-VH9TOfLF.js:8:45647)
    at la (http://localhost:8082/assets/index-VH9TOfLF.js:8:39783)
    at rc (http://localhost:8082/assets/index-VH9TOfLF.js:8:39756)
    at ea (http://localhost:8082/assets/index-VH9TOfLF.js:8:34775)
    at on (http://localhost:8082/assets/index-VH9TOfLF.js:1:1753)
    at MessagePort.Mn (http://localhost:8082/assets/index-VH9TOfLF.js:1:2146)
[     500ms] Error: Minified React error #418; visit https://reactjs.org/docs/error-decoder.html?invariant=418 for the full message or use the non-minified dev environment for full errors and additional helpful warnings.
    at gu (http://localhost:8082/assets/index-VH9TOfLF.js:6:4907)
    at sa (http://localhost:8082/assets/index-VH9TOfLF.js:8:45647)
    at la (http://localhost:8082/assets/index-VH9TOfLF.js:8:39783)
    at rc (http://localhost:8082/assets/index-VH9TOfLF.js:8:39756)
    at ea (http://localhost:8082/assets/index-VH9TOfLF.js:8:34775)
    at on (http://localhost:8082/assets/index-VH9TOfLF.js:1:1753)
    at MessagePort.Mn (http://localhost:8082/assets/index-VH9TOfLF.js:1:2146)
[     505ms] Error: Minified React error #418; visit https://reactjs.org/docs/error-decoder.html?invariant=418 for the full message or use the non-minified dev environment for full errors and additional helpful warnings.
    at gu (http://localhost:8082/assets/index-VH9TOfLF.js:6:4907)
    at sa (http://localhost:8082/assets/index-VH9TOfLF.js:8:45647)
    at la (http://localhost:8082/assets/index-VH9TOfLF.js:8:39783)
    at rc (http://localhost:8082/assets/index-VH9TOfLF.js:8:39756)
    at ea (http://localhost:8082/assets/index-VH9TOfLF.js:8:34775)
    at on (http://localhost:8082/assets/index-VH9TOfLF.js:1:1753)
    at MessagePort.Mn (http://localhost:8082/assets/index-VH9TOfLF.js:1:2146)
[     511ms] Error: Minified React error #418; visit https://reactjs.org/docs/error-decoder.html?invariant=418 for the full message or use the non-minified dev environment for full errors and additional helpful warnings.
    at gu (http://localhost:8082/assets/index-VH9TOfLF.js:6:4907)
    at sa (http://localhost:8082/assets/index-VH9TOfLF.js:8:45647)
    at la (http://localhost:8082/assets/index-VH9TOfLF.js:8:39783)
    at rc (http://localhost:8082/assets/index-VH9TOfLF.js:8:39756)
    at ea (http://localhost:8082/assets/index-VH9TOfLF.js:8:34775)
    at on (http://localhost:8082/assets/index-VH9TOfLF.js:1:1753)
    at MessagePort.Mn (http://localhost:8082/assets/index-VH9TOfLF.js:1:2146)
[     514ms] Error: Minified React error #418; visit https://reactjs.org/docs/error-decoder.html?invariant=418 for the full message or use the non-minified dev environment for full errors and additional helpful warnings.
    at gu (http://localhost:8082/assets/index-VH9TOfLF.js:6:4907)
    at sa (http://localhost:8082/assets/index-VH9TOfLF.js:8:45647)
    at la (http://localhost:8082/assets/index-VH9TOfLF.js:8:39783)
    at rc (http://localhost:8082/assets/index-VH9TOfLF.js:8:39756)
    at ea (http://localhost:8082/assets/index-VH9TOfLF.js:8:34775)
    at on (http://localhost:8082/assets/index-VH9TOfLF.js:1:1753)
    at MessagePort.Mn (http://localhost:8082/assets/index-VH9TOfLF.js:1:2146)
[     515ms] Error: Minified React error #418; visit https://reactjs.org/docs/error-decoder.html?invariant=418 for the full message or use the non-minified dev environment for full errors and additional helpful warnings.
    at gu (http://localhost:8082/assets/index-VH9TOfLF.js:6:4907)
    at sa (http://localhost:8082/assets/index-VH9TOfLF.js:8:45647)
    at la (http://localhost:8082/assets/index-VH9TOfLF.js:8:39783)
    at rc (http://localhost:8082/assets/index-VH9TOfLF.js:8:39756)
    at ea (http://localhost:8082/assets/index-VH9TOfLF.js:8:34775)
    at on (http://localhost:8082/assets/index-VH9TOfLF.js:1:1753)
    at MessagePort.Mn (http://localhost:8082/assets/index-VH9TOfLF.js:1:2146)
[     520ms] Error: Minified React error #418; visit https://reactjs.org/docs/error-decoder.html?invariant=418 for the full message or use the non-minified dev environment for full errors and additional helpful warnings.
    at gu (http://localhost:8082/assets/index-VH9TOfLF.js:6:4907)
    at sa (http://localhost:8082/assets/index-VH9TOfLF.js:8:45647)
    at la (http://localhost:8082/assets/index-VH9TOfLF.js:8:39783)
    at rc (http://localhost:8082/assets/index-VH9TOfLF.js:8:39756)
    at ea (http://localhost:8082/assets/index-VH9TOfLF.js:8:34775)
    at on (http://localhost:8082/assets/index-VH9TOfLF.js:1:1753)
    at MessagePort.Mn (http://localhost:8082/assets/index-VH9TOfLF.js:1:2146)
[     522ms] Error: Minified React error #418; visit https://reactjs.org/docs/error-decoder.html?invariant=418 for the full message or use the non-minified dev environment for full errors and additional helpful warnings.
    at gu (http://localhost:8082/assets/index-VH9TOfLF.js:6:4907)
    at sa (http://localhost:8082/assets/index-VH9TOfLF.js:8:45647)
    at la (http://localhost:8082/assets/index-VH9TOfLF.js:8:39783)
    at rc (http://localhost:8082/assets/index-VH9TOfLF.js:8:39756)
    at ea (http://localhost:8082/assets/index-VH9TOfLF.js:8:34775)
    at on (http://localhost:8082/assets/index-VH9TOfLF.js:1:1753)
    at MessagePort.Mn (http://localhost:8082/assets/index-VH9TOfLF.js:1:2146)
[     523ms] Error: Minified React error #418; visit https://reactjs.org/docs/error-decoder.html?invariant=418 for the full message or use the non-minified dev environment for full errors and additional helpful warnings.
    at gu (http://localhost:8082/assets/index-VH9TOfLF.js:6:4907)
    at sa (http://localhost:8082/assets/index-VH9TOfLF.js:8:45647)
    at la (http://localhost:8082/assets/index-VH9TOfLF.js:8:39783)
    at rc (http://localhost:8082/assets/index-VH9TOfLF.js:8:39756)
    at ea (http://localhost:8082/assets/index-VH9TOfLF.js:8:34775)
    at on (http://localhost:8082/assets/index-VH9TOfLF.js:1:1753)
    at MessagePort.Mn (http://localhost:8082/assets/index-VH9TOfLF.js:1:2146)
[     528ms] Error: Minified React error #418; visit https://reactjs.org/docs/error-decoder.html?invariant=418 for the full message or use the non-minified dev environment for full errors and additional helpful warnings.
    at gu (http://localhost:8082/assets/index-VH9TOfLF.js:6:4907)
    at sa (http://localhost:8082/assets/index-VH9TOfLF.js:8:45647)
    at la (http://localhost:8082/assets/index-VH9TOfLF.js:8:39783)
    at rc (http://localhost:8082/assets/index-VH9TOfLF.js:8:39756)
    at ea (http://localhost:8082/assets/index-VH9TOfLF.js:8:34775)
    at on (http://localhost:8082/assets/index-VH9TOfLF.js:1:1753)
    at MessagePort.Mn (http://localhost:8082/assets/index-VH9TOfLF.js:1:2146)
[     531ms] Error: Minified React error #418; visit https://reactjs.org/docs/error-decoder.html?invariant=418 for the full message or use the non-minified dev environment for full errors and additional helpful warnings.
    at gu (http://localhost:8082/assets/index-VH9TOfLF.js:6:4907)
    at sa (http://localhost:8082/assets/index-VH9TOfLF.js:8:45647)
    at la (http://localhost:8082/assets/index-VH9TOfLF.js:8:39783)
    at rc (http://localhost:8082/assets/index-VH9TOfLF.js:8:39756)
    at ea (http://localhost:8082/assets/index-VH9TOfLF.js:8:34775)
    at on (http://localhost:8082/assets/index-VH9TOfLF.js:1:1753)
    at MessagePort.Mn (http://localhost:8082/assets/index-VH9TOfLF.js:1:2146)
[     531ms] Error: Minified React error #418; visit https://reactjs.org/docs/error-decoder.html?invariant=418 for the full message or use the non-minified dev environment for full errors and additional helpful warnings.
    at gu (http://localhost:8082/assets/index-VH9TOfLF.js:6:4907)
    at sa (http://localhost:8082/assets/index-VH9TOfLF.js:8:45647)
    at la (http://localhost:8082/assets/index-VH9TOfLF.js:8:39783)
    at rc (http://localhost:8082/assets/index-VH9TOfLF.js:8:39756)
    at ea (http://localhost:8082/assets/index-VH9TOfLF.js:8:34775)
    at on (http://localhost:8082/assets/index-VH9TOfLF.js:1:1753)
    at MessagePort.Mn (http://localhost:8082/assets/index-VH9TOfLF.js:1:2146)
[     532ms] Error: Minified React error #418; visit https://reactjs.org/docs/error-decoder.html?invariant=418 for the full message or use the non-minified dev environment for full errors and additional helpful warnings.
    at gu (http://localhost:8082/assets/index-VH9TOfLF.js:6:4907)
    at sa (http://localhost:8082/assets/index-VH9TOfLF.js:8:45647)
    at la (http://localhost:8082/assets/index-VH9TOfLF.js:8:39783)
    at rc (http://localhost:8082/assets/index-VH9TOfLF.js:8:39756)
    at ea (http://localhost:8082/assets/index-VH9TOfLF.js:8:34775)
    at on (http://localhost:8082/assets/index-VH9TOfLF.js:1:1753)
    at MessagePort.Mn (http://localhost:8082/assets/index-VH9TOfLF.js:1:2146)
[     532ms] Error: Minified React error #418; visit https://reactjs.org/docs/error-decoder.html?invariant=418 for the full message or use the non-minified dev environment for full errors and additional helpful warnings.
    at gu (http://localhost:8082/assets/index-VH9TOfLF.js:6:4907)
    at sa (http://localhost:8082/assets/index-VH9TOfLF.js:8:45647)
    at la (http://localhost:8082/assets/index-VH9TOfLF.js:8:39783)
    at rc (http://localhost:8082/assets/index-VH9TOfLF.js:8:39756)
    at ea (http://localhost:8082/assets/index-VH9TOfLF.js:8:34775)
    at on (http://localhost:8082/assets/index-VH9TOfLF.js:1:1753)
    at MessagePort.Mn (http://localhost:8082/assets/index-VH9TOfLF.js:1:2146)
[     533ms] Error: Minified React error #418; visit https://reactjs.org/docs/error-decoder.html?invariant=418 for the full message or use the non-minified dev environment for full errors and additional helpful warnings.
    at gu (http://localhost:8082/assets/index-VH9TOfLF.js:6:4907)
    at sa (http://localhost:8082/assets/index-VH9TOfLF.js:8:45647)
    at la (http://localhost:8082/assets/index-VH9TOfLF.js:8:39783)
    at rc (http://localhost:8082/assets/index-VH9TOfLF.js:8:39756)
    at ea (http://localhost:8082/assets/index-VH9TOfLF.js:8:34775)
    at on (http://localhost:8082/assets/index-VH9TOfLF.js:1:1753)
    at MessagePort.Mn (http://localhost:8082/assets/index-VH9TOfLF.js:1:2146)
[     534ms] Error: Minified React error #418; visit https://reactjs.org/docs/error-decoder.html?invariant=418 for the full message or use the non-minified dev environment for full errors and additional helpful warnings.
    at gu (http://localhost:8082/assets/index-VH9TOfLF.js:6:4907)
    at sa (http://localhost:8082/assets/index-VH9TOfLF.js:8:45647)
    at la (http://localhost:8082/assets/index-VH9TOfLF.js:8:39783)
    at rc (http://localhost:8082/assets/index-VH9TOfLF.js:8:39756)
    at ea (http://localhost:8082/assets/index-VH9TOfLF.js:8:34775)
    at on (http://localhost:8082/assets/index-VH9TOfLF.js:1:1753)
    at MessagePort.Mn (http://localhost:8082/assets/index-VH9TOfLF.js:1:2146)
[     535ms] Error: Minified React error #418; visit https://reactjs.org/docs/error-decoder.html?invariant=418 for the full message or use the non-minified dev environment for full errors and additional helpful warnings.
    at gu (http://localhost:8082/assets/index-VH9TOfLF.js:6:4907)
    at sa (http://localhost:8082/assets/index-VH9TOfLF.js:8:45647)
    at la (http://localhost:8082/assets/index-VH9TOfLF.js:8:39783)
    at rc (http://localhost:8082/assets/index-VH9TOfLF.js:8:39756)
    at ea (http://localhost:8082/assets/index-VH9TOfLF.js:8:34775)
    at on (http://localhost:8082/assets/index-VH9TOfLF.js:1:1753)
    at MessagePort.Mn (http://localhost:8082/assets/index-VH9TOfLF.js:1:2146)
[     536ms] Error: Minified React error #418; visit https://reactjs.org/docs/error-decoder.html?invariant=418 for the full message or use the non-minified dev environment for full errors and additional helpful warnings.
    at gu (http://localhost:8082/assets/index-VH9TOfLF.js:6:4907)
    at sa (http://localhost:8082/assets/index-VH9TOfLF.js:8:45647)
    at la (http://localhost:8082/assets/index-VH9TOfLF.js:8:39783)
    at rc (http://localhost:8082/assets/index-VH9TOfLF.js:8:39756)
    at ea (http://localhost:8082/assets/index-VH9TOfLF.js:8:34775)
    at on (http://localhost:8082/assets/index-VH9TOfLF.js:1:1753)
    at MessagePort.Mn (http://localhost:8082/assets/index-VH9TOfLF.js:1:2146)
[     536ms] Error: Minified React error #418; visit https://reactjs.org/docs/error-decoder.html?invariant=418 for the full message or use the non-minified dev environment for full errors and additional helpful warnings.
    at gu (http://localhost:8082/assets/index-VH9TOfLF.js:6:4907)
    at sa (http://localhost:8082/assets/index-VH9TOfLF.js:8:45647)
    at la (http://localhost:8082/assets/index-VH9TOfLF.js:8:39783)
    at rc (http://localhost:8082/assets/index-VH9TOfLF.js:8:39756)
    at ea (http://localhost:8082/assets/index-VH9TOfLF.js:8:34775)
    at on (http://localhost:8082/assets/index-VH9TOfLF.js:1:1753)
    at MessagePort.Mn (http://localhost:8082/assets/index-VH9TOfLF.js:1:2146)
[     538ms] Error: Minified React error #418; visit https://reactjs.org/docs/error-decoder.html?invariant=418 for the full message or use the non-minified dev environment for full errors and additional helpful warnings.
    at gu (http://localhost:8082/assets/index-VH9TOfLF.js:6:4907)
    at sa (http://localhost:8082/assets/index-VH9TOfLF.js:8:45647)
    at la (http://localhost:8082/assets/index-VH9TOfLF.js:8:39783)
    at rc (http://localhost:8082/assets/index-VH9TOfLF.js:8:39756)
    at ea (http://localhost:8082/assets/index-VH9TOfLF.js:8:34775)
    at on (http://localhost:8082/assets/index-VH9TOfLF.js:1:1753)
    at MessagePort.Mn (http://localhost:8082/assets/index-VH9TOfLF.js:1:2146)
[     539ms] Error: Minified React error #418; visit https://reactjs.org/docs/error-decoder.html?invariant=418 for the full message or use the non-minified dev environment for full errors and additional helpful warnings.
    at gu (http://localhost:8082/assets/index-VH9TOfLF.js:6:4907)
    at sa (http://localhost:8082/assets/index-VH9TOfLF.js:8:45647)
    at la (http://localhost:8082/assets/index-VH9TOfLF.js:8:39783)
    at rc (http://localhost:8082/assets/index-VH9TOfLF.js:8:39756)
    at ea (http://localhost:8082/assets/index-VH9TOfLF.js:8:34775)
    at on (http://localhost:8082/assets/index-VH9TOfLF.js:1:1753)
    at MessagePort.Mn (http://localhost:8082/assets/index-VH9TOfLF.js:1:2146)
[     540ms] Error: Minified React error #423; visit https://reactjs.org/docs/error-decoder.html?invariant=423 for the full message or use the non-minified dev environment for full errors and additional helpful warnings.
    at sa (http://localhost:8082/assets/index-VH9TOfLF.js:8:45307)
    at la (http://localhost:8082/assets/index-VH9TOfLF.js:8:39783)
    at tc (http://localhost:8082/assets/index-VH9TOfLF.js:8:39714)
    at ml (http://localhost:8082/assets/index-VH9TOfLF.js:8:39572)
    at li (http://localhost:8082/assets/index-VH9TOfLF.js:8:35956)
    at ea (http://localhost:8082/assets/index-VH9TOfLF.js:8:34909)
    at on (http://localhost:8082/assets/index-VH9TOfLF.js:1:1753)
    at MessagePort.Mn (http://localhost:8082/assets/index-VH9TOfLF.js:1:2146)
[     949ms] [WARNING] Canvas2D: Multiple readback operations using getImageData are faster with the willReadFrequently attribute set to true. See: https://html.spec.whatwg.org/multipage/canvas.html#concept-canvas-will-read-frequently @ http://localhost:8082/assets/use-editor-flagging-CjnBWF8T.js:96
[    2556ms] [ERROR] Failed to load resource: the server responded with a status of 404 (Not Found) @ http://localhost:8082/api/workspaces/clawteam/projects/7ddc801b-da2b-45c3-b3ab-c64426eba86f/intake-state/:0
[    2909ms] [ERROR] Failed to load resource: the server responded with a status of 404 (Not Found) @ http://localhost:8082/api/workspaces/clawteam/projects/7ddc801b-da2b-45c3-b3ab-c64426eba86f/intake-state/:0
[    7949ms] [ERROR] Failed to load resource: the server responded with a status of 404 (Not Found) @ http://localhost:8082/api/workspaces/clawteam/projects/7ddc801b-da2b-45c3-b3ab-c64426eba86f/intake-state/:0
[   27982ms] [ERROR] Failed to load resource: the server responded with a status of 404 (Not Found) @ http://localhost:8082/api/workspaces/clawteam/projects/7ddc801b-da2b-45c3-b3ab-c64426eba86f/intake-state/:0
[   48029ms] [ERROR] Failed to load resource: the server responded with a status of 404 (Not Found) @ http://localhost:8082/api/workspaces/clawteam/projects/7ddc801b-da2b-45c3-b3ab-c64426eba86f/intake-state/:0
[   73395ms] [ERROR] Failed to load resource: the server responded with a status of 404 (Not Found) @ http://localhost:8082/api/workspaces/clawteam/projects/7ddc801b-da2b-45c3-b3ab-c64426eba86f/intake-state/:0
[   83423ms] [ERROR] Failed to load resource: the server responded with a status of 404 (Not Found) @ http://localhost:8082/api/workspaces/clawteam/projects/7ddc801b-da2b-45c3-b3ab-c64426eba86f/intake-state/:0
[   93455ms] [ERROR] Failed to load resource: the server responded with a status of 404 (Not Found) @ http://localhost:8082/api/workspaces/clawteam/projects/7ddc801b-da2b-45c3-b3ab-c64426eba86f/intake-state/:0
[  148491ms] [ERROR] Failed to load resource: the server responded with a status of 404 (Not Found) @ http://localhost:8082/api/workspaces/clawteam/projects/7ddc801b-da2b-45c3-b3ab-c64426eba86f/intake-state/:0
